2024-10-06 21:13:15,616 - __main__ - DEBUG - This is a debug message
2024-10-06 21:13:15,616 - __main__ - INFO - This is an info message
2024-10-06 21:13:15,616 - __main__ - WARNING - This is a warning message
2024-10-06 21:13:15,616 - __main__ - ERROR - This is an error message
2024-10-06 21:13:15,616 - __main__ - CRITICAL - This is a critical message
2024-10-06 21:14:30,795 - __main__ - DEBUG - This is a debug message
2024-10-06 21:14:30,795 - __main__ - INFO - This is an info message
2024-10-06 21:14:30,795 - __main__ - WARNING - This is a warning message
2024-10-06 21:14:30,795 - __main__ - ERROR - This is an error message
2024-10-06 21:14:30,795 - __main__ - CRITICAL - This is a critical message
2024-10-06 22:09:46,529 - __main__ - DEBUG - This is a debug message
2024-10-06 22:09:46,529 - __main__ - INFO - This is an info message
2024-10-06 22:09:46,529 - __main__ - WARNING - This is a warning message
2024-10-06 22:09:46,529 - __main__ - ERROR - This is an error message
2024-10-06 22:09:46,529 - __main__ - CRITICAL - This is a critical message
2024-10-06 22:10:05,137 - __main__ - DEBUG - This is a debug message
2024-10-06 22:10:05,142 - __main__ - INFO - This is an info message
2024-10-06 22:10:05,142 - __main__ - WARNING - This is a warning message
2024-10-06 22:10:05,144 - __main__ - ERROR - This is an error message
2024-10-06 22:10:05,144 - __main__ - CRITICAL - This is a critical message
2024-10-06 22:13:49,957 - asyncio - DEBUG - Using proactor: IocpProactor
2024-10-06 22:13:49,965 - urllib3.connectionpool - DEBUG - Starting new HTTPS connection (1): testnet.binance.vision:443
2024-10-06 22:13:51,410 - urllib3.connectionpool - DEBUG - https://testnet.binance.vision:443 "GET /api/v3/ping HTTP/11" 200 2
2024-10-06 22:13:52,226 - urllib3.connectionpool - DEBUG - https://testnet.binance.vision:443 "GET /api/v3/ticker/price?symbol=BTCUSDT HTTP/11" 200 45
2024-10-06 22:13:52,226 - root - DEBUG - Starting WebSocket connection...
2024-10-06 22:13:52,226 - root - DEBUG - Creating AsyncClient...
2024-10-06 22:13:53,446 - root - DEBUG - Creating BinanceSocketManager...
2024-10-06 22:13:53,446 - root - DEBUG - Starting symbol ticker socket...
2024-10-06 22:13:53,446 - root - ERROR - Error occurred: 'BinanceSocketManager' object has no attribute 'start_symbol_ticker_socket'. Reconnecting in 5 seconds...
2024-10-06 22:13:58,452 - root - DEBUG - Creating AsyncClient...
2024-10-06 22:13:59,586 - root - DEBUG - Creating BinanceSocketManager...
2024-10-06 22:13:59,586 - root - DEBUG - Starting symbol ticker socket...
2024-10-06 22:13:59,586 - root - ERROR - Error occurred: 'BinanceSocketManager' object has no attribute 'start_symbol_ticker_socket'. Reconnecting in 5 seconds...
2024-10-06 22:14:04,595 - root - DEBUG - Creating AsyncClient...
2024-10-06 22:14:05,730 - root - DEBUG - Creating BinanceSocketManager...
2024-10-06 22:14:05,730 - root - DEBUG - Starting symbol ticker socket...
2024-10-06 22:14:05,737 - root - ERROR - Error occurred: 'BinanceSocketManager' object has no attribute 'start_symbol_ticker_socket'. Reconnecting in 5 seconds...
2024-10-06 22:14:10,740 - root - DEBUG - Creating AsyncClient...
2024-10-06 22:14:11,859 - root - DEBUG - Creating BinanceSocketManager...
2024-10-06 22:14:11,859 - root - DEBUG - Starting symbol ticker socket...
2024-10-06 22:14:11,859 - root - ERROR - Error occurred: 'BinanceSocketManager' object has no attribute 'start_symbol_ticker_socket'. Reconnecting in 5 seconds...
2024-10-06 23:07:47,001 - asyncio - DEBUG - Using proactor: IocpProactor
2024-10-06 23:07:47,008 - urllib3.connectionpool - DEBUG - Starting new HTTPS connection (1): testnet.binance.vision:443
2024-10-06 23:07:48,263 - urllib3.connectionpool - DEBUG - https://testnet.binance.vision:443 "GET /api/v3/ping HTTP/11" 200 2
2024-10-06 23:07:49,083 - urllib3.connectionpool - DEBUG - https://testnet.binance.vision:443 "GET /api/v3/ticker/price?symbol=BTCUSDT HTTP/11" 200 45
2024-10-06 23:07:50,503 - root - ERROR - Error occurred: 'BinanceSocketManager' object has no attribute 'start_symbol_ticker_socket'
2024-10-06 23:07:50,503 - asyncio - ERROR - Unclosed client session
client_session: <aiohttp.client.ClientSession object at 0x0000026640959F70>
2024-10-06 23:07:50,511 - asyncio - ERROR - Unclosed connector
connections: ['[(<aiohttp.client_proto.ResponseHandler object at 0x0000026641C771D0>, 83664.671)]']
connector: <aiohttp.connector.TCPConnector object at 0x000002664154BEC0>
2024-10-06 23:09:26,271 - asyncio - DEBUG - Using proactor: IocpProactor
2024-10-06 23:09:26,271 - urllib3.connectionpool - DEBUG - Starting new HTTPS connection (1): testnet.binance.vision:443
2024-10-06 23:09:27,456 - urllib3.connectionpool - DEBUG - https://testnet.binance.vision:443 "GET /api/v3/ping HTTP/11" 200 2
2024-10-06 23:09:28,238 - urllib3.connectionpool - DEBUG - https://testnet.binance.vision:443 "GET /api/v3/ticker/price?symbol=BTCUSDT HTTP/11" 200 45
2024-10-06 23:09:29,459 - root - ERROR - Error occurred: 'BinanceSocketManager' object has no attribute 'start_symbol_ticker_socket'
2024-10-06 23:09:29,459 - asyncio - ERROR - Unclosed client session
client_session: <aiohttp.client.ClientSession object at 0x00000163288785C0>
2024-10-06 23:09:29,459 - asyncio - ERROR - Unclosed connector
connections: ['[(<aiohttp.client_proto.ResponseHandler object at 0x0000016329BFB110>, 83763.625)]']
connector: <aiohttp.connector.TCPConnector object at 0x000001632815ABA0>
2024-10-06 23:10:22,486 - asyncio - DEBUG - Using proactor: IocpProactor
2024-10-06 23:10:22,494 - urllib3.connectionpool - DEBUG - Starting new HTTPS connection (1): testnet.binance.vision:443
2024-10-06 23:10:23,654 - urllib3.connectionpool - DEBUG - https://testnet.binance.vision:443 "GET /api/v3/ping HTTP/11" 200 2
2024-10-06 23:10:24,449 - urllib3.connectionpool - DEBUG - https://testnet.binance.vision:443 "GET /api/v3/ticker/price?symbol=BTCUSDT HTTP/11" 200 45
2024-10-06 23:10:25,840 - websockets.client - DEBUG - = connection is CONNECTING
2024-10-06 23:10:26,932 - websockets.client - DEBUG - > GET /ws/btcusdt@ticker HTTP/1.1
2024-10-06 23:10:26,932 - websockets.client - DEBUG - > Host: stream.binance.com:9443
2024-10-06 23:10:26,932 - websockets.client - DEBUG - > Upgrade: websocket
2024-10-06 23:10:26,932 - websockets.client - DEBUG - > Connection: Upgrade
2024-10-06 23:10:26,932 - websockets.client - DEBUG - > Sec-WebSocket-Key: ZcxdjSrMOX1SH/70Sy8tEA==
2024-10-06 23:10:26,932 - websockets.client - DEBUG - > Sec-WebSocket-Version: 13
2024-10-06 23:10:26,932 - websockets.client - DEBUG - > Sec-WebSocket-Extensions: permessage-deflate; client_max_window_bits
2024-10-06 23:10:26,940 - websockets.client - DEBUG - > User-Agent: Python/3.12 websockets/13.0.1
2024-10-06 23:10:27,297 - websockets.client - DEBUG - < HTTP/1.1 101 Switching Protocols
2024-10-06 23:10:27,297 - websockets.client - DEBUG - < Date: Sun, 06 Oct 2024 21:10:27 GMT
2024-10-06 23:10:27,297 - websockets.client - DEBUG - < Connection: upgrade
2024-10-06 23:10:27,297 - websockets.client - DEBUG - < Upgrade: websocket
2024-10-06 23:10:27,304 - websockets.client - DEBUG - < Sec-WebSocket-Accept: Ty5Iyp6xMri1yZrYZYX2qDC6/FA=
2024-10-06 23:10:27,304 - websockets.client - DEBUG - < Sec-WebSocket-Extensions: permessage-deflate; server_no_context_takeover; client_max_window_bits=15
2024-10-06 23:10:27,304 - websockets.client - DEBUG - = connection is OPEN
2024-10-06 23:10:27,930 - websockets.client - DEBUG - < TEXT '{"e":"24hrTicker","E":1728249027762,"s":"BTCUSD...3894036959,"n":1401612}' [423 bytes]
2024-10-06 23:10:28,935 - websockets.client - DEBUG - < TEXT '{"e":"24hrTicker","E":1728249028862,"s":"BTCUSD...3894036960,"n":1401611}' [423 bytes]
2024-10-06 23:10:29,930 - websockets.client - DEBUG - < TEXT '{"e":"24hrTicker","E":1728249029691,"s":"BTCUSD...3894037265,"n":1401916}' [424 bytes]
2024-10-06 23:10:30,930 - websockets.client - DEBUG - < TEXT '{"e":"24hrTicker","E":1728249030779,"s":"BTCUSD...3894037269,"n":1401916}' [424 bytes]
2024-10-06 23:10:31,928 - websockets.client - DEBUG - < TEXT '{"e":"24hrTicker","E":1728249031789,"s":"BTCUSD...3894037270,"n":1401913}' [423 bytes]
2024-10-06 23:10:32,934 - websockets.client - DEBUG - < TEXT '{"e":"24hrTicker","E":1728249032764,"s":"BTCUSD...3894037272,"n":1401913}' [423 bytes]
2024-10-06 23:10:33,930 - websockets.client - DEBUG - < TEXT '{"e":"24hrTicker","E":1728249033848,"s":"BTCUSD...3894037273,"n":1401909}' [423 bytes]
2024-10-06 23:10:34,940 - websockets.client - DEBUG - < TEXT '{"e":"24hrTicker","E":1728249034868,"s":"BTCUSD...3894037277,"n":1401901}' [423 bytes]
2024-10-06 23:10:35,936 - websockets.client - DEBUG - < TEXT '{"e":"24hrTicker","E":1728249035866,"s":"BTCUSD...3894038133,"n":1402755}' [423 bytes]
2024-10-06 23:10:36,940 - websockets.client - DEBUG - < TEXT '{"e":"24hrTicker","E":1728249036840,"s":"BTCUSD...3894038277,"n":1402896}' [423 bytes]
2024-10-06 23:10:37,939 - websockets.client - DEBUG - < TEXT '{"e":"24hrTicker","E":1728249037884,"s":"BTCUSD...3894038364,"n":1402980}' [423 bytes]
2024-10-06 23:10:38,936 - websockets.client - DEBUG - < TEXT '{"e":"24hrTicker","E":1728249038849,"s":"BTCUSD...3894038367,"n":1402975}' [423 bytes]
2024-10-06 23:10:39,936 - websockets.client - DEBUG - < TEXT '{"e":"24hrTicker","E":1728249039846,"s":"BTCUSD...3894038371,"n":1402978}' [423 bytes]
2024-10-06 23:10:40,940 - websockets.client - DEBUG - < TEXT '{"e":"24hrTicker","E":1728249040818,"s":"BTCUSD...3894038375,"n":1402981}' [423 bytes]
2024-10-06 23:10:41,941 - websockets.client - DEBUG - < TEXT '{"e":"24hrTicker","E":1728249041822,"s":"BTCUSD...3894038375,"n":1402979}' [423 bytes]
2024-10-06 23:10:42,944 - websockets.client - DEBUG - < TEXT '{"e":"24hrTicker","E":1728249042813,"s":"BTCUSD...3894038375,"n":1402976}' [423 bytes]
2024-10-06 23:10:43,942 - websockets.client - DEBUG - < TEXT '{"e":"24hrTicker","E":1728249043885,"s":"BTCUSD...3894038375,"n":1402971}' [423 bytes]
2024-10-06 23:10:44,937 - websockets.client - DEBUG - < TEXT '{"e":"24hrTicker","E":1728249044809,"s":"BTCUSD...3894038378,"n":1402973}' [423 bytes]
2024-10-06 23:10:45,943 - websockets.client - DEBUG - < TEXT '{"e":"24hrTicker","E":1728249045833,"s":"BTCUSD...3894038379,"n":1402973}' [423 bytes]
2024-10-06 23:10:46,944 - websockets.client - DEBUG - < TEXT '{"e":"24hrTicker","E":1728249046817,"s":"BTCUSD...3894038380,"n":1402968}' [423 bytes]
2024-10-06 23:10:47,307 - websockets.client - DEBUG - % sending keepalive ping
2024-10-06 23:10:47,307 - websockets.client - DEBUG - > PING 0b 04 13 db [binary, 4 bytes]
2024-10-06 23:10:47,669 - websockets.client - DEBUG - < PONG 0b 04 13 db [binary, 4 bytes]
2024-10-06 23:10:47,669 - websockets.client - DEBUG - % received keepalive pong
2024-10-06 23:10:47,944 - websockets.client - DEBUG - < TEXT '{"e":"24hrTicker","E":1728249047747,"s":"BTCUSD...3894038381,"n":1402967}' [423 bytes]
2024-10-06 23:10:48,943 - websockets.client - DEBUG - < TEXT '{"e":"24hrTicker","E":1728249048878,"s":"BTCUSD...3894038382,"n":1402966}' [423 bytes]
2024-10-06 23:10:49,945 - websockets.client - DEBUG - < TEXT '{"e":"24hrTicker","E":1728249049882,"s":"BTCUSD...3894038384,"n":1402967}' [423 bytes]
2024-10-06 23:10:50,945 - websockets.client - DEBUG - < TEXT '{"e":"24hrTicker","E":1728249050833,"s":"BTCUSD...3894038388,"n":1402969}' [423 bytes]
2024-10-06 23:10:51,944 - websockets.client - DEBUG - < TEXT '{"e":"24hrTicker","E":1728249051761,"s":"BTCUSD...3894038390,"n":1402971}' [423 bytes]
2024-10-06 23:10:52,944 - websockets.client - DEBUG - < TEXT '{"e":"24hrTicker","E":1728249052830,"s":"BTCUSD...3894038391,"n":1402970}' [423 bytes]
2024-10-06 23:10:53,947 - websockets.client - DEBUG - < TEXT '{"e":"24hrTicker","E":1728249053829,"s":"BTCUSD...3894038391,"n":1402969}' [423 bytes]
2024-10-06 23:10:54,949 - websockets.client - DEBUG - < TEXT '{"e":"24hrTicker","E":1728249054784,"s":"BTCUSD...3894038393,"n":1402967}' [423 bytes]
2024-10-06 23:10:55,949 - websockets.client - DEBUG - < TEXT '{"e":"24hrTicker","E":1728249055746,"s":"BTCUSD...3894038395,"n":1402969}' [423 bytes]
2024-10-06 23:10:56,952 - websockets.client - DEBUG - < TEXT '{"e":"24hrTicker","E":1728249056878,"s":"BTCUSD...3894038396,"n":1402969}' [423 bytes]
2024-10-06 23:10:57,949 - websockets.client - DEBUG - < TEXT '{"e":"24hrTicker","E":1728249057830,"s":"BTCUSD...3894038396,"n":1402964}' [423 bytes]
2024-10-06 23:10:58,953 - websockets.client - DEBUG - < TEXT '{"e":"24hrTicker","E":1728249058881,"s":"BTCUSD...3894038399,"n":1402964}' [423 bytes]
2024-10-06 23:10:59,956 - websockets.client - DEBUG - < TEXT '{"e":"24hrTicker","E":1728249059809,"s":"BTCUSD...3894038402,"n":1402966}' [423 bytes]
2024-10-06 23:11:00,957 - websockets.client - DEBUG - < TEXT '{"e":"24hrTicker","E":1728249060876,"s":"BTCUSD...3894038407,"n":1402967}' [423 bytes]
2024-10-06 23:11:01,964 - websockets.client - DEBUG - < TEXT '{"e":"24hrTicker","E":1728249061788,"s":"BTCUSD...3894038409,"n":1402966}' [423 bytes]
2024-10-06 23:11:02,961 - websockets.client - DEBUG - < TEXT '{"e":"24hrTicker","E":1728249062841,"s":"BTCUSD...3894038410,"n":1402967}' [423 bytes]
2024-10-06 23:11:03,957 - websockets.client - DEBUG - < TEXT '{"e":"24hrTicker","E":1728249063904,"s":"BTCUSD...3894038411,"n":1402962}' [423 bytes]
2024-10-06 23:11:04,961 - websockets.client - DEBUG - < TEXT '{"e":"24hrTicker","E":1728249064822,"s":"BTCUSD...3894038412,"n":1402962}' [423 bytes]
2024-10-06 23:11:05,964 - websockets.client - DEBUG - < TEXT '{"e":"24hrTicker","E":1728249065720,"s":"BTCUSD...3894038417,"n":1402960}' [423 bytes]
2024-10-06 23:11:06,969 - websockets.client - DEBUG - < TEXT '{"e":"24hrTicker","E":1728249066911,"s":"BTCUSD...3894038423,"n":1402314}' [423 bytes]
2024-10-06 23:11:07,657 - websockets.client - DEBUG - % sending keepalive ping
2024-10-06 23:11:07,657 - websockets.client - DEBUG - > PING '\x18"K\x13' [text, 4 bytes]
2024-10-06 23:11:07,969 - websockets.client - DEBUG - < TEXT '{"e":"24hrTicker","E":1728249067694,"s":"BTCUSD...3894038566,"n":1402455}' [423 bytes]
2024-10-06 23:11:08,091 - websockets.client - DEBUG - < PONG '\x18"K\x13' [text, 4 bytes]
2024-10-06 23:11:08,091 - websockets.client - DEBUG - % received keepalive pong
2024-10-06 23:11:08,966 - websockets.client - DEBUG - < TEXT '{"e":"24hrTicker","E":1728249068891,"s":"BTCUSD...3894038567,"n":1402455}' [423 bytes]
2024-10-06 23:11:09,972 - websockets.client - DEBUG - < TEXT '{"e":"24hrTicker","E":1728249069884,"s":"BTCUSD...3894038568,"n":1402454}' [423 bytes]
2024-10-06 23:11:10,970 - websockets.client - DEBUG - < TEXT '{"e":"24hrTicker","E":1728249070912,"s":"BTCUSD...3894038570,"n":1402456}' [423 bytes]
2024-10-06 23:11:11,971 - websockets.client - DEBUG - < TEXT '{"e":"24hrTicker","E":1728249071906,"s":"BTCUSD...3894038571,"n":1402456}' [423 bytes]
2024-10-06 23:11:12,968 - websockets.client - DEBUG - < TEXT '{"e":"24hrTicker","E":1728249072916,"s":"BTCUSD...3894038574,"n":1402457}' [423 bytes]
2024-10-06 23:11:13,972 - websockets.client - DEBUG - < TEXT '{"e":"24hrTicker","E":1728249073750,"s":"BTCUSD...3894038581,"n":1402458}' [423 bytes]
2024-10-06 23:11:14,970 - websockets.client - DEBUG - < TEXT '{"e":"24hrTicker","E":1728249074896,"s":"BTCUSD...3894038583,"n":1402445}' [423 bytes]
2024-10-06 23:11:15,974 - websockets.client - DEBUG - < TEXT '{"e":"24hrTicker","E":1728249075915,"s":"BTCUSD...3894038584,"n":1401653}' [423 bytes]
2024-10-06 23:11:16,973 - websockets.client - DEBUG - < TEXT '{"e":"24hrTicker","E":1728249076890,"s":"BTCUSD...3894038586,"n":1401620}' [423 bytes]
2024-10-06 23:11:17,975 - websockets.client - DEBUG - < TEXT '{"e":"24hrTicker","E":1728249077647,"s":"BTCUSD...3894038587,"n":1401461}' [423 bytes]
2024-10-06 23:11:18,973 - websockets.client - DEBUG - < TEXT '{"e":"24hrTicker","E":1728249078888,"s":"BTCUSD...3894038587,"n":1401447}' [423 bytes]
2024-10-06 23:11:19,975 - websockets.client - DEBUG - < TEXT '{"e":"24hrTicker","E":1728249079813,"s":"BTCUSD...3894038589,"n":1401448}' [423 bytes]
2024-10-06 23:16:18,090 - asyncio - DEBUG - Using proactor: IocpProactor
2024-10-06 23:16:18,090 - urllib3.connectionpool - DEBUG - Starting new HTTPS connection (1): testnet.binance.vision:443
2024-10-06 23:16:19,426 - urllib3.connectionpool - DEBUG - https://testnet.binance.vision:443 "GET /api/v3/ping HTTP/11" 200 2
2024-10-06 23:16:20,251 - urllib3.connectionpool - DEBUG - https://testnet.binance.vision:443 "GET /api/v3/ticker/price?symbol=BTCUSDT HTTP/11" 200 45
2024-10-06 23:16:22,068 - websockets.client - DEBUG - = connection is CONNECTING
2024-10-06 23:16:23,117 - websockets.client - DEBUG - > GET /ws/btcusdt@ticker HTTP/1.1
2024-10-06 23:16:23,117 - websockets.client - DEBUG - > Host: stream.binance.com:9443
2024-10-06 23:16:23,117 - websockets.client - DEBUG - > Upgrade: websocket
2024-10-06 23:16:23,117 - websockets.client - DEBUG - > Connection: Upgrade
2024-10-06 23:16:23,117 - websockets.client - DEBUG - > Sec-WebSocket-Key: FIgSmBDWk0s//eB1ffTiXQ==
2024-10-06 23:16:23,117 - websockets.client - DEBUG - > Sec-WebSocket-Version: 13
2024-10-06 23:16:23,117 - websockets.client - DEBUG - > Sec-WebSocket-Extensions: permessage-deflate; client_max_window_bits
2024-10-06 23:16:23,117 - websockets.client - DEBUG - > User-Agent: Python/3.12 websockets/13.0.1
2024-10-06 23:16:23,467 - websockets.client - DEBUG - < HTTP/1.1 101 Switching Protocols
2024-10-06 23:16:23,467 - websockets.client - DEBUG - < Date: Sun, 06 Oct 2024 21:16:23 GMT
2024-10-06 23:16:23,467 - websockets.client - DEBUG - < Connection: upgrade
2024-10-06 23:16:23,467 - websockets.client - DEBUG - < Upgrade: websocket
2024-10-06 23:16:23,467 - websockets.client - DEBUG - < Sec-WebSocket-Accept: pxbxFUWGagEB0nZZnCfuGlmjh9Q=
2024-10-06 23:16:23,467 - websockets.client - DEBUG - < Sec-WebSocket-Extensions: permessage-deflate; server_no_context_takeover; client_max_window_bits=15
2024-10-06 23:16:23,475 - websockets.client - DEBUG - = connection is OPEN
2024-10-06 23:16:23,548 - websockets.client - DEBUG - < TEXT '{"e":"24hrTicker","E":1728249383444,"s":"BTCUSD...3894042451,"n":1396997}' [423 bytes]
2024-10-06 23:16:24,533 - websockets.client - DEBUG - < TEXT '{"e":"24hrTicker","E":1728249384477,"s":"BTCUSD...3894042451,"n":1396995}' [423 bytes]
2024-10-06 23:16:25,537 - websockets.client - DEBUG - < TEXT '{"e":"24hrTicker","E":1728249385467,"s":"BTCUSD...3894042452,"n":1396948}' [423 bytes]
2024-10-06 23:16:26,537 - websockets.client - DEBUG - < TEXT '{"e":"24hrTicker","E":1728249386461,"s":"BTCUSD...3894042452,"n":1396945}' [423 bytes]
2024-10-06 23:16:27,536 - websockets.client - DEBUG - < TEXT '{"e":"24hrTicker","E":1728249387477,"s":"BTCUSD...3894042455,"n":1396944}' [423 bytes]
2024-10-06 23:16:28,530 - websockets.client - DEBUG - < TEXT '{"e":"24hrTicker","E":1728249388292,"s":"BTCUSD...3894042457,"n":1396942}' [423 bytes]
2024-10-06 23:16:29,539 - websockets.client - DEBUG - < TEXT '{"e":"24hrTicker","E":1728249389476,"s":"BTCUSD...3894042502,"n":1396983}' [424 bytes]
2024-10-06 23:16:30,538 - websockets.client - DEBUG - < TEXT '{"e":"24hrTicker","E":1728249390445,"s":"BTCUSD...3894042504,"n":1396983}' [424 bytes]
2024-10-06 23:16:31,532 - websockets.client - DEBUG - < TEXT '{"e":"24hrTicker","E":1728249391427,"s":"BTCUSD...3894042566,"n":1396907}' [423 bytes]
2024-10-06 23:19:01,885 - asyncio - DEBUG - Using proactor: IocpProactor
2024-10-06 23:19:01,885 - urllib3.connectionpool - DEBUG - Starting new HTTPS connection (1): testnet.binance.vision:443
2024-10-06 23:19:02,630 - urllib3.connectionpool - DEBUG - https://testnet.binance.vision:443 "GET /api/v3/ping HTTP/11" 200 2
2024-10-08 18:17:14,496 - asyncio - DEBUG - Using proactor: IocpProactor
2024-10-08 18:17:14,502 - urllib3.connectionpool - DEBUG - Starting new HTTPS connection (1): testnet.binance.vision:443
2024-10-08 18:17:15,841 - urllib3.connectionpool - DEBUG - https://testnet.binance.vision:443 "GET /api/v3/ping HTTP/11" 200 2
2024-10-08 18:17:16,200 - urllib3.connectionpool - DEBUG - https://testnet.binance.vision:443 "GET /api/v3/ticker/price?symbol=BTCUSDT HTTP/11" 200 45
2024-10-08 18:17:16,634 - urllib3.connectionpool - DEBUG - https://testnet.binance.vision:443 "POST /api/v3/order HTTP/11" 400 77
2024-10-08 18:17:17,049 - urllib3.connectionpool - DEBUG - https://testnet.binance.vision:443 "POST /api/v3/order HTTP/11" 400 77
2024-10-08 18:17:17,431 - urllib3.connectionpool - DEBUG - https://testnet.binance.vision:443 "POST /api/v3/order HTTP/11" 400 77
2024-10-08 18:17:17,812 - urllib3.connectionpool - DEBUG - https://testnet.binance.vision:443 "POST /api/v3/order HTTP/11" 400 77
2024-10-08 18:17:18,667 - urllib3.connectionpool - DEBUG - https://testnet.binance.vision:443 "POST /api/v3/order HTTP/11" 400 77
2024-10-08 18:17:19,058 - urllib3.connectionpool - DEBUG - https://testnet.binance.vision:443 "POST /api/v3/order HTTP/11" 400 77
2024-10-08 18:17:19,413 - urllib3.connectionpool - DEBUG - https://testnet.binance.vision:443 "POST /api/v3/order HTTP/11" 400 77
2024-10-08 18:17:20,242 - urllib3.connectionpool - DEBUG - https://testnet.binance.vision:443 "POST /api/v3/order HTTP/11" 400 77
2024-10-08 18:17:20,649 - urllib3.connectionpool - DEBUG - https://testnet.binance.vision:443 "POST /api/v3/order HTTP/11" 400 77
2024-10-08 18:17:21,465 - urllib3.connectionpool - DEBUG - https://testnet.binance.vision:443 "POST /api/v3/order HTTP/11" 400 77
2024-10-08 18:17:21,887 - urllib3.connectionpool - DEBUG - https://testnet.binance.vision:443 "POST /api/v3/order HTTP/11" 400 77
2024-10-08 18:17:39,655 - asyncio - DEBUG - Using proactor: IocpProactor
2024-10-08 18:17:39,657 - urllib3.connectionpool - DEBUG - Starting new HTTPS connection (1): testnet.binance.vision:443
2024-10-08 18:17:40,905 - urllib3.connectionpool - DEBUG - https://testnet.binance.vision:443 "GET /api/v3/ping HTTP/11" 200 2
2024-10-08 18:17:41,277 - urllib3.connectionpool - DEBUG - https://testnet.binance.vision:443 "GET /api/v3/ticker/price?symbol=BTCUSDT HTTP/11" 200 45
2024-10-08 18:17:41,685 - urllib3.connectionpool - DEBUG - https://testnet.binance.vision:443 "POST /api/v3/order HTTP/11" 400 77
2024-10-08 18:17:42,075 - urllib3.connectionpool - DEBUG - https://testnet.binance.vision:443 "POST /api/v3/order HTTP/11" 400 77
2024-10-08 18:17:42,491 - urllib3.connectionpool - DEBUG - https://testnet.binance.vision:443 "POST /api/v3/order HTTP/11" 400 77
2024-10-08 18:17:43,302 - urllib3.connectionpool - DEBUG - https://testnet.binance.vision:443 "POST /api/v3/order HTTP/11" 400 77
2024-10-08 18:17:43,693 - urllib3.connectionpool - DEBUG - https://testnet.binance.vision:443 "POST /api/v3/order HTTP/11" 400 77
2024-10-08 18:17:44,088 - urllib3.connectionpool - DEBUG - https://testnet.binance.vision:443 "POST /api/v3/order HTTP/11" 200 361
2024-10-08 18:17:44,095 - root - INFO - Placed SELL order at level 62232.03 for 0.05 units.
2024-10-08 18:17:44,474 - urllib3.connectionpool - DEBUG - https://testnet.binance.vision:443 "POST /api/v3/order HTTP/11" 200 373
2024-10-08 18:17:44,476 - root - INFO - Placed SELL order at level 62356.49 for 0.05 units.
2024-10-08 18:17:45,351 - urllib3.connectionpool - DEBUG - https://testnet.binance.vision:443 "POST /api/v3/order HTTP/11" 200 394
2024-10-08 18:17:45,354 - root - INFO - Placed SELL order at level 62480.96 for 0.05 units.
2024-10-08 18:17:45,711 - urllib3.connectionpool - DEBUG - https://testnet.binance.vision:443 "POST /api/v3/order HTTP/11" 200 386
2024-10-08 18:17:45,713 - root - INFO - Placed SELL order at level 62605.42 for 0.05 units.
2024-10-08 18:17:46,076 - urllib3.connectionpool - DEBUG - https://testnet.binance.vision:443 "POST /api/v3/order HTTP/11" 200 420
2024-10-08 18:17:46,080 - root - INFO - Placed SELL order at level 62729.89 for 0.05 units.
2024-10-08 18:17:46,900 - urllib3.connectionpool - DEBUG - https://testnet.binance.vision:443 "POST /api/v3/order HTTP/11" 200 393
2024-10-08 18:17:46,901 - root - INFO - Placed SELL order at level 62854.35 for 0.05 units.
2024-10-08 18:31:39,577 - asyncio - DEBUG - Using proactor: IocpProactor
2024-10-08 18:31:41,941 - root - INFO - Placed BUY order at level 61518.51 for 0.05 units.
2024-10-08 18:31:42,746 - root - INFO - Placed BUY order at level 61642.79 for 0.05 units.
2024-10-08 18:31:43,555 - root - INFO - Placed BUY order at level 61767.07 for 0.05 units.
2024-10-08 18:31:43,906 - root - INFO - Placed BUY order at level 61891.35 for 0.05 units.
2024-10-08 18:31:44,258 - root - INFO - Placed BUY order at level 62015.63 for 0.05 units.
2024-10-08 18:31:44,593 - root - INFO - Placed SELL order at level 62139.91 for 0.05 units.
2024-10-08 18:31:45,401 - root - INFO - Placed SELL order at level 62264.19 for 0.05 units.
2024-10-08 18:31:45,732 - root - INFO - Placed SELL order at level 62388.47 for 0.05 units.
2024-10-08 18:31:46,753 - root - INFO - Placed SELL order at level 62512.75 for 0.05 units.
2024-10-08 18:31:47,083 - root - INFO - Placed SELL order at level 62637.03 for 0.05 units.
2024-10-08 18:31:47,431 - root - INFO - Placed SELL order at level 62761.31 for 0.05 units.
2024-10-08 18:48:42,765 - asyncio - DEBUG - Using proactor: IocpProactor
2024-10-08 18:48:45,232 - root - INFO - Placed BUY order at level 61214.74 for 0.05 units.
2024-10-08 18:48:45,614 - root - INFO - Placed BUY order at level 61464.60 for 0.05 units.
2024-10-08 18:48:46,458 - root - INFO - Placed BUY order at level 61714.45 for 0.05 units.
2024-10-08 18:48:47,273 - root - INFO - Placed BUY order at level 61964.31 for 0.05 units.
2024-10-08 18:48:47,631 - root - INFO - Placed BUY order at level 62214.16 for 0.05 units.
2024-10-08 18:48:48,440 - root - INFO - Placed SELL order at level 62464.02 for 0.05 units.
2024-10-08 18:48:49,285 - root - INFO - Placed SELL order at level 62713.88 for 0.05 units.
2024-10-08 18:48:49,679 - root - INFO - Placed SELL order at level 62963.73 for 0.05 units.
2024-10-08 18:48:50,729 - root - INFO - Placed SELL order at level 63213.59 for 0.05 units.
2024-10-08 18:48:51,083 - root - INFO - Placed SELL order at level 63463.44 for 0.05 units.
2024-10-08 18:48:51,928 - root - INFO - Placed SELL order at level 63713.30 for 0.05 units.
2024-10-08 18:49:47,336 - asyncio - DEBUG - Using proactor: IocpProactor
2024-10-08 18:49:49,090 - root - INFO - Placed BUY order at level 62334.77 for 0.125 units.
2024-10-08 18:49:49,481 - root - INFO - Placed BUY order at level 62397.23 for 0.125 units.
2024-10-08 18:49:49,937 - root - INFO - Placed SELL order at level 62459.69 for 0.125 units.
2024-10-08 18:49:50,381 - root - INFO - Placed SELL order at level 62522.15 for 0.125 units.
2024-10-08 18:49:50,825 - root - INFO - Placed SELL order at level 62584.61 for 0.125 units.
2024-10-08 18:50:52,353 - root - INFO - Placed BUY order at level 62289.17 for 0.125 units.
2024-10-08 18:50:53,312 - root - INFO - Placed BUY order at level 62351.59 for 0.125 units.
2024-10-08 18:50:53,760 - root - INFO - Placed SELL order at level 62414.00 for 0.125 units.
2024-10-08 18:50:54,944 - root - INFO - Placed SELL order at level 62476.41 for 0.125 units.
2024-10-08 18:50:55,388 - root - INFO - Placed SELL order at level 62538.83 for 0.125 units.
2024-10-08 18:51:57,127 - asyncio - DEBUG - Using proactor: IocpProactor
2024-10-08 18:51:59,672 - root - INFO - Placed BUY order at level 62313.11 for 0.125 units.
2024-10-08 18:52:00,119 - root - INFO - Placed BUY order at level 62375.55 for 0.125 units.
2024-10-08 18:52:01,140 - root - INFO - Placed SELL order at level 62437.99 for 0.125 units.
2024-10-08 18:52:02,024 - root - INFO - Placed SELL order at level 62500.43 for 0.125 units.
2024-10-08 18:52:03,204 - root - INFO - Placed SELL order at level 62562.87 for 0.125 units.
2024-10-08 18:52:03,206 - root - INFO - Current deviation: 0.00
2024-10-08 18:53:05,213 - root - INFO - Placed BUY order at level 62345.07 for 0.125 units.
2024-10-08 18:53:05,778 - root - INFO - Placed BUY order at level 62407.54 for 0.125 units.
2024-10-08 18:53:06,339 - root - INFO - Placed SELL order at level 62470.01 for 0.125 units.
2024-10-08 18:53:06,782 - root - INFO - Placed SELL order at level 62532.48 for 0.125 units.
2024-10-08 18:53:07,174 - root - INFO - Placed SELL order at level 62594.95 for 0.125 units.
2024-10-08 18:53:07,176 - root - INFO - Current deviation: 0.00
2024-10-08 18:54:23,112 - asyncio - DEBUG - Using proactor: IocpProactor
2024-10-08 18:54:25,100 - root - INFO - Placed BUY order at level 61185.13 for 0.0125 units.
2024-10-08 18:54:25,463 - root - INFO - Placed BUY order at level 61809.47 for 0.0125 units.
2024-10-08 18:54:25,862 - root - INFO - Placed SELL order at level 62433.81 for 0.0125 units.
2024-10-08 18:54:26,679 - root - INFO - Placed SELL order at level 63058.15 for 0.0125 units.
2024-10-08 18:54:27,537 - root - INFO - Placed SELL order at level 63682.49 for 0.0125 units.
2024-10-08 18:54:27,540 - root - INFO - Current deviation: 0.00
2024-10-08 18:54:33,343 - root - INFO - Placed BUY order at level 61191.09 for 0.0125 units.
2024-10-08 18:54:33,737 - root - INFO - Placed BUY order at level 61815.49 for 0.0125 units.
2024-10-08 18:54:34,125 - root - INFO - Placed SELL order at level 62439.89 for 0.0125 units.
2024-10-08 18:54:34,948 - root - INFO - Placed SELL order at level 63064.29 for 0.0125 units.
2024-10-08 18:54:35,789 - root - INFO - Placed SELL order at level 63688.69 for 0.0125 units.
2024-10-08 18:54:35,790 - root - INFO - Current deviation: 0.00
2024-10-08 18:54:41,991 - root - INFO - Placed BUY order at level 61194.25 for 0.0125 units.
2024-10-08 18:54:42,833 - root - INFO - Placed BUY order at level 61818.68 for 0.0125 units.
2024-10-08 18:54:43,681 - root - INFO - Placed SELL order at level 62443.11 for 0.0125 units.
2024-10-08 18:54:44,046 - root - INFO - Placed SELL order at level 63067.54 for 0.0125 units.
2024-10-08 18:54:44,402 - root - INFO - Placed SELL order at level 63691.97 for 0.0125 units.
2024-10-08 18:54:44,404 - root - INFO - Current deviation: 0.00
2024-10-08 18:54:50,169 - root - INFO - Placed BUY order at level 61216.67 for 0.0125 units.
2024-10-08 18:54:50,582 - root - INFO - Placed BUY order at level 61841.33 for 0.0125 units.
2024-10-08 18:54:51,408 - root - INFO - Placed SELL order at level 62465.99 for 0.0125 units.
2024-10-08 18:54:51,793 - root - INFO - Placed SELL order at level 63090.65 for 0.0125 units.
2024-10-08 18:54:52,646 - root - INFO - Placed SELL order at level 63715.31 for 0.0125 units.
2024-10-08 18:54:52,650 - root - INFO - Current deviation: 0.00
2024-10-08 18:54:59,026 - root - INFO - Placed BUY order at level 61212.87 for 0.0125 units.
2024-10-08 18:54:59,432 - root - INFO - Placed BUY order at level 61837.49 for 0.0125 units.
2024-10-08 18:54:59,834 - root - INFO - Placed SELL order at level 62462.11 for 0.0125 units.
2024-10-08 18:55:00,229 - root - INFO - Placed SELL order at level 63086.73 for 0.0125 units.
2024-10-08 18:55:01,162 - root - INFO - Placed SELL order at level 63711.35 for 0.0125 units.
2024-10-08 18:55:01,163 - root - INFO - Current deviation: 0.00
2024-10-08 18:55:07,387 - root - INFO - Placed BUY order at level 61181.91 for 0.0125 units.
2024-10-08 18:55:08,284 - root - INFO - Placed BUY order at level 61806.21 for 0.0125 units.
2024-10-08 18:55:08,651 - root - INFO - Placed SELL order at level 62430.52 for 0.0125 units.
2024-10-08 18:55:09,498 - root - INFO - Placed SELL order at level 63054.83 for 0.0125 units.
2024-10-08 18:55:09,865 - root - INFO - Placed SELL order at level 63679.13 for 0.0125 units.
2024-10-08 18:55:09,867 - root - INFO - Current deviation: 0.00
2024-10-10 14:57:58,120 - asyncio - DEBUG - Using proactor: IocpProactor
2024-10-10 14:58:08,733 - root - INFO - Current deviation: 0.00
2024-10-10 14:58:23,870 - root - INFO - Current deviation: 0.00
2024-10-10 14:58:37,181 - asyncio - DEBUG - Using proactor: IocpProactor
2024-10-10 14:58:39,598 - root - INFO - Placed BUY order at level 48740.80 for 0.05 units.
2024-10-10 14:58:40,090 - root - INFO - Placed BUY order at level 51177.84 for 0.05 units.
2024-10-10 14:58:40,473 - root - INFO - Placed BUY order at level 53614.88 for 0.05 units.
2024-10-10 14:58:41,123 - root - INFO - Placed BUY order at level 56051.92 for 0.05 units.
2024-10-10 14:58:41,965 - root - INFO - Placed BUY order at level 58488.96 for 0.05 units.
2024-10-10 14:58:42,340 - root - INFO - Placed SELL order at level 60926.00 for 0.05 units.
2024-10-10 14:58:43,220 - root - INFO - Placed SELL order at level 63363.04 for 0.05 units.
2024-10-10 14:58:43,695 - root - INFO - Placed SELL order at level 65800.08 for 0.05 units.
2024-10-10 14:58:44,534 - root - INFO - Placed SELL order at level 68237.12 for 0.05 units.
2024-10-10 14:58:45,419 - root - INFO - Placed SELL order at level 70674.16 for 0.05 units.
2024-10-10 14:58:45,798 - root - INFO - Placed SELL order at level 73111.20 for 0.05 units.
2024-10-10 14:58:45,805 - root - INFO - Current deviation: 0.00
2024-10-10 14:58:51,974 - root - INFO - Placed BUY order at level 48731.21 for 0.05 units.
2024-10-10 14:58:53,007 - root - INFO - Placed BUY order at level 51167.77 for 0.05 units.
2024-10-10 14:58:53,892 - root - INFO - Placed BUY order at level 53604.33 for 0.05 units.
2024-10-10 14:58:54,752 - root - INFO - Placed BUY order at level 56040.89 for 0.05 units.
2024-10-10 14:58:55,801 - root - INFO - Placed BUY order at level 58477.45 for 0.05 units.
2024-10-10 14:58:56,650 - root - INFO - Placed SELL order at level 60914.01 for 0.05 units.
2024-10-10 14:58:57,032 - root - INFO - Placed SELL order at level 63350.57 for 0.05 units.
2024-10-10 14:58:57,904 - root - INFO - Placed SELL order at level 65787.13 for 0.05 units.
2024-10-10 14:58:58,279 - root - INFO - Placed SELL order at level 68223.69 for 0.05 units.
2024-10-10 14:58:59,114 - root - INFO - Placed SELL order at level 70660.25 for 0.05 units.
2024-10-10 14:58:59,634 - root - INFO - Placed SELL order at level 73096.81 for 0.05 units.
2024-10-10 14:58:59,634 - root - INFO - Current deviation: 0.00
2024-10-10 14:59:05,914 - root - INFO - Placed BUY order at level 48744.26 for 0.05 units.
2024-10-10 14:59:06,360 - root - INFO - Placed BUY order at level 51181.48 for 0.05 units.
2024-10-10 14:59:07,199 - root - INFO - Placed BUY order at level 53618.69 for 0.05 units.
2024-10-10 14:59:08,040 - root - INFO - Placed BUY order at level 56055.90 for 0.05 units.
2024-10-10 14:59:08,393 - root - INFO - Placed BUY order at level 58493.12 for 0.05 units.
2024-10-10 14:59:09,312 - root - INFO - Placed SELL order at level 60930.33 for 0.05 units.
2024-10-10 14:59:09,694 - root - INFO - Placed SELL order at level 63367.54 for 0.05 units.
2024-10-10 14:59:10,082 - root - INFO - Placed SELL order at level 65804.76 for 0.05 units.
2024-10-10 14:59:10,949 - root - INFO - Placed SELL order at level 68241.97 for 0.05 units.
2024-10-10 14:59:11,359 - root - INFO - Placed SELL order at level 70679.18 for 0.05 units.
2024-10-10 14:59:11,811 - root - INFO - Current deviation: 0.00
2024-10-10 14:59:18,476 - root - INFO - Placed BUY order at level 48757.62 for 0.05 units.
2024-10-10 14:59:19,287 - root - INFO - Placed BUY order at level 51195.50 for 0.05 units.
2024-10-10 14:59:20,112 - root - INFO - Placed BUY order at level 53633.38 for 0.05 units.
2024-10-10 14:59:20,494 - root - INFO - Placed BUY order at level 56071.26 for 0.05 units.
2024-10-10 14:59:21,336 - root - INFO - Placed BUY order at level 58509.14 for 0.05 units.
2024-10-10 14:59:21,747 - root - INFO - Placed SELL order at level 60947.02 for 0.05 units.
2024-10-10 14:59:22,722 - root - INFO - Placed SELL order at level 63384.90 for 0.05 units.
2024-10-10 14:59:23,131 - root - INFO - Placed SELL order at level 65822.78 for 0.05 units.
2024-10-10 14:59:23,532 - root - INFO - Placed SELL order at level 68260.66 for 0.05 units.
2024-10-10 14:59:23,913 - root - INFO - Placed SELL order at level 70698.54 for 0.05 units.
2024-10-10 14:59:24,302 - root - INFO - Current deviation: 0.00
2024-10-10 15:03:24,056 - asyncio - DEBUG - Using proactor: IocpProactor
2024-10-10 15:03:28,010 - root - INFO - Placed BUY order at level 48809.62 for 0.05 units.
2024-10-10 15:03:28,509 - root - INFO - Placed BUY order at level 51250.10 for 0.05 units.
2024-10-10 15:03:28,934 - root - INFO - Placed BUY order at level 53690.58 for 0.05 units.
2024-10-10 15:03:29,291 - root - INFO - Placed BUY order at level 56131.06 for 0.05 units.
2024-10-10 15:03:30,320 - root - INFO - Placed BUY order at level 58571.54 for 0.05 units.
2024-10-10 15:03:31,292 - root - INFO - Placed SELL order at level 61012.02 for 0.05 units.
2024-10-10 15:03:31,952 - root - INFO - Placed SELL order at level 63452.50 for 0.05 units.
2024-10-10 15:03:32,805 - root - INFO - Placed SELL order at level 65892.98 for 0.05 units.
2024-10-10 15:03:33,292 - root - INFO - Placed SELL order at level 68333.46 for 0.05 units.
2024-10-10 15:03:34,138 - root - INFO - Placed SELL order at level 70773.94 for 0.05 units.
2024-10-10 15:03:35,318 - root - INFO - Current deviation: 0.00
2024-10-10 15:03:41,963 - root - INFO - Placed BUY order at level 48809.62 for 0.05 units.
2024-10-10 15:03:42,462 - root - INFO - Placed BUY order at level 51250.10 for 0.05 units.
2024-10-10 15:03:43,318 - root - INFO - Placed BUY order at level 53690.58 for 0.05 units.
2024-10-10 15:03:43,859 - root - INFO - Placed BUY order at level 56131.06 for 0.05 units.
2024-10-10 15:03:44,728 - root - INFO - Placed BUY order at level 58571.54 for 0.05 units.
2024-10-10 15:03:45,203 - root - INFO - Placed BUY order at level 61012.02 for 0.05 units.
2024-10-10 15:03:46,114 - root - INFO - Placed SELL order at level 63452.50 for 0.05 units.
2024-10-10 15:03:47,001 - root - INFO - Placed SELL order at level 65892.98 for 0.05 units.
2024-10-10 15:03:47,403 - root - INFO - Placed SELL order at level 68333.46 for 0.05 units.
2024-10-10 15:03:47,794 - root - INFO - Placed SELL order at level 70773.94 for 0.05 units.
2024-10-10 15:03:48,358 - root - INFO - Placed SELL order at level 73214.42 for 0.05 units.
2024-10-10 15:03:48,358 - root - INFO - Current deviation: 14.00
2024-10-10 15:03:54,997 - root - INFO - Placed BUY order at level 48809.62 for 0.05 units.
2024-10-10 15:03:56,128 - root - INFO - Placed BUY order at level 51250.10 for 0.05 units.
2024-10-10 15:03:57,063 - root - INFO - Placed BUY order at level 53690.58 for 0.05 units.
2024-10-10 15:03:57,944 - root - INFO - Placed BUY order at level 56131.06 for 0.05 units.
2024-10-10 15:03:58,357 - root - INFO - Placed BUY order at level 58571.54 for 0.05 units.
2024-10-10 15:03:59,271 - root - INFO - Placed BUY order at level 61012.02 for 0.05 units.
2024-10-10 15:03:59,700 - root - INFO - Placed SELL order at level 63452.50 for 0.05 units.
2024-10-10 15:04:00,579 - root - INFO - Placed SELL order at level 65892.98 for 0.05 units.
2024-10-10 15:04:01,224 - root - INFO - Placed SELL order at level 68333.46 for 0.05 units.
2024-10-10 15:04:01,611 - root - INFO - Placed SELL order at level 70773.94 for 0.05 units.
2024-10-10 15:04:02,267 - root - INFO - Placed SELL order at level 73214.42 for 0.05 units.
2024-10-10 15:04:02,267 - root - INFO - Current deviation: 21.99
2024-10-10 15:04:22,333 - asyncio - DEBUG - Using proactor: IocpProactor
2024-10-10 15:04:31,354 - root - INFO - Placed BUY order at level 30488.78 for 0.05 units.
2024-10-10 15:04:33,140 - root - INFO - Placed BUY order at level 36586.54 for 0.05 units.
2024-10-10 15:04:34,666 - root - INFO - Placed BUY order at level 42684.29 for 0.05 units.
2024-10-10 15:04:35,803 - root - INFO - Placed BUY order at level 48782.05 for 0.05 units.
2024-10-10 15:04:37,405 - root - INFO - Placed BUY order at level 54879.80 for 0.05 units.
2024-10-10 15:04:38,875 - root - INFO - Placed SELL order at level 60977.56 for 0.05 units.
2024-10-10 15:04:39,762 - root - INFO - Placed SELL order at level 67075.32 for 0.05 units.
2024-10-10 15:04:40,916 - root - INFO - Placed SELL order at level 73173.07 for 0.05 units.
2024-10-10 15:04:42,065 - root - INFO - Placed SELL order at level 79270.83 for 0.05 units.
2024-10-10 15:04:43,581 - root - INFO - Placed SELL order at level 85368.58 for 0.05 units.
2024-10-10 15:04:45,279 - root - INFO - Placed SELL order at level 91466.34 for 0.05 units.
2024-10-10 15:04:45,279 - root - INFO - Current deviation: 0.00
2024-10-10 15:04:52,319 - root - INFO - Placed BUY order at level 30488.78 for 0.05 units.
2024-10-10 15:04:52,941 - root - INFO - Placed BUY order at level 36586.54 for 0.05 units.
2024-10-10 15:04:54,316 - root - INFO - Placed BUY order at level 42684.29 for 0.05 units.
2024-10-10 15:04:54,924 - root - INFO - Placed BUY order at level 48782.05 for 0.05 units.
2024-10-10 15:04:55,345 - root - INFO - Placed BUY order at level 54879.80 for 0.05 units.
2024-10-10 15:04:56,342 - root - INFO - Placed SELL order at level 60977.56 for 0.05 units.
2024-10-10 15:04:56,733 - root - INFO - Placed SELL order at level 67075.32 for 0.05 units.
2024-10-10 15:04:57,688 - root - INFO - Placed SELL order at level 73173.07 for 0.05 units.
2024-10-10 15:04:58,620 - root - INFO - Placed SELL order at level 79270.83 for 0.05 units.
2024-10-10 15:04:59,012 - root - INFO - Placed SELL order at level 85368.58 for 0.05 units.
2024-10-10 15:04:59,363 - root - INFO - Placed SELL order at level 91466.34 for 0.05 units.
2024-10-10 15:04:59,363 - root - INFO - Current deviation: 44.78
2024-10-10 15:05:05,619 - root - INFO - Placed BUY order at level 30488.78 for 0.05 units.
2024-10-10 15:05:06,250 - root - INFO - Placed BUY order at level 36586.54 for 0.05 units.
2024-10-10 15:05:07,242 - root - INFO - Placed BUY order at level 42684.29 for 0.05 units.
2024-10-10 15:05:08,221 - root - INFO - Placed BUY order at level 48782.05 for 0.05 units.
2024-10-10 15:05:09,098 - root - INFO - Placed BUY order at level 54879.80 for 0.05 units.
2024-10-10 15:05:09,959 - root - INFO - Placed SELL order at level 60977.56 for 0.05 units.
2024-10-10 15:05:10,806 - root - INFO - Placed SELL order at level 67075.32 for 0.05 units.
2024-10-10 15:05:11,378 - root - INFO - Placed SELL order at level 73173.07 for 0.05 units.
2024-10-10 15:05:12,233 - root - INFO - Placed SELL order at level 79270.83 for 0.05 units.
2024-10-10 15:05:12,620 - root - INFO - Placed SELL order at level 85368.58 for 0.05 units.
2024-10-10 15:05:13,000 - root - INFO - Current deviation: 36.90
2024-10-10 15:05:19,279 - root - INFO - Placed BUY order at level 30488.78 for 0.05 units.
2024-10-10 15:05:20,111 - root - INFO - Placed BUY order at level 36586.54 for 0.05 units.
2024-10-10 15:05:20,625 - root - INFO - Placed BUY order at level 42684.29 for 0.05 units.
2024-10-10 15:05:21,014 - root - INFO - Placed BUY order at level 48782.05 for 0.05 units.
2024-10-10 15:05:21,820 - root - INFO - Placed BUY order at level 54879.80 for 0.05 units.
2024-10-10 15:05:22,723 - root - INFO - Placed SELL order at level 60977.56 for 0.05 units.
2024-10-10 15:05:23,197 - root - INFO - Placed SELL order at level 67075.32 for 0.05 units.
2024-10-10 15:05:23,587 - root - INFO - Placed SELL order at level 73173.07 for 0.05 units.
2024-10-10 15:05:24,182 - root - INFO - Placed SELL order at level 79270.83 for 0.05 units.
2024-10-10 15:05:24,528 - root - INFO - Placed SELL order at level 85368.58 for 0.05 units.
2024-10-10 15:05:24,901 - root - INFO - Current deviation: 39.64
2024-10-10 15:05:30,855 - root - INFO - Placed BUY order at level 30488.78 for 0.05 units.
2024-10-10 15:05:31,740 - root - INFO - Placed BUY order at level 36586.54 for 0.05 units.
2024-10-10 15:05:32,630 - root - INFO - Placed BUY order at level 42684.29 for 0.05 units.
2024-10-10 15:05:33,513 - root - INFO - Placed BUY order at level 48782.05 for 0.05 units.
2024-10-10 15:05:34,364 - root - INFO - Placed BUY order at level 54879.80 for 0.05 units.
2024-10-10 15:05:34,748 - root - INFO - Placed SELL order at level 60977.56 for 0.05 units.
2024-10-10 15:05:35,101 - root - INFO - Placed SELL order at level 67075.32 for 0.05 units.
2024-10-10 15:05:35,493 - root - INFO - Placed SELL order at level 73173.07 for 0.05 units.
2024-10-10 15:05:35,875 - root - INFO - Placed SELL order at level 79270.83 for 0.05 units.
2024-10-10 15:05:36,222 - root - INFO - Placed SELL order at level 85368.58 for 0.05 units.
2024-10-10 15:05:36,606 - root - INFO - Current deviation: 21.94
2024-10-10 15:07:49,850 - asyncio - DEBUG - Using proactor: IocpProactor
2024-10-10 15:07:51,348 - root - INFO - Current deviation: 0.00%
2024-10-10 15:07:58,011 - root - INFO - Current deviation: -0.03%
2024-10-10 15:08:03,580 - root - INFO - Current deviation: 0.51%
2024-10-10 15:08:09,234 - root - INFO - Current deviation: -0.03%
2024-10-10 15:08:14,827 - root - INFO - Current deviation: -0.03%
2024-10-10 15:08:20,164 - root - INFO - Current deviation: -0.02%
2024-10-10 15:08:25,510 - root - INFO - Current deviation: -0.03%
2024-10-10 15:08:30,885 - root - INFO - Current deviation: -0.03%
2024-10-10 15:08:36,905 - root - INFO - Current deviation: -0.04%
2024-10-10 15:08:42,280 - root - INFO - Current deviation: -0.04%
2024-10-10 15:08:47,670 - root - INFO - Current deviation: -0.04%
2024-10-10 15:08:53,012 - root - INFO - Current deviation: -0.04%
2024-10-10 15:08:58,374 - root - INFO - Current deviation: -0.04%
2024-10-10 15:09:03,727 - root - INFO - Current deviation: -0.04%
2024-10-10 15:09:09,080 - root - INFO - Current deviation: -0.05%
2024-10-10 15:10:28,767 - asyncio - DEBUG - Using proactor: IocpProactor
2024-10-10 15:10:32,407 - root - INFO - Placed initial BUY order at level 30509.08 for 0.05 units.
2024-10-10 15:10:32,785 - root - INFO - Placed initial BUY order at level 36610.89 for 0.05 units.
2024-10-10 15:10:33,248 - root - INFO - Placed initial BUY order at level 42712.71 for 0.05 units.
2024-10-10 15:10:33,660 - root - INFO - Placed initial BUY order at level 48814.52 for 0.05 units.
2024-10-10 15:10:34,043 - root - INFO - Placed initial BUY order at level 54916.33 for 0.05 units.
2024-10-10 15:10:34,960 - root - INFO - Placed initial SELL order at level 61018.15 for 0.05 units.
2024-10-10 15:10:36,038 - root - INFO - Placed initial SELL order at level 67119.96 for 0.05 units.
2024-10-10 15:10:36,885 - root - INFO - Placed initial SELL order at level 73221.78 for 0.05 units.
2024-10-10 15:10:37,301 - root - INFO - Placed initial SELL order at level 79323.60 for 0.05 units.
2024-10-10 15:10:38,160 - root - INFO - Placed initial SELL order at level 85425.41 for 0.05 units.
2024-10-10 15:10:39,018 - root - INFO - Current deviation: 0.00%
2024-10-10 15:10:44,870 - root - INFO - Current deviation: -0.03%
2024-10-10 15:10:50,758 - root - INFO - Current deviation: -0.04%
2024-10-10 15:10:56,575 - root - INFO - Current deviation: -0.02%
2024-10-10 15:11:01,920 - root - INFO - Current deviation: -0.00%
2024-10-10 15:11:07,768 - root - INFO - Current deviation: 0.00%
2024-10-10 15:11:13,591 - root - INFO - Current deviation: 0.01%
2024-10-10 15:11:18,941 - root - INFO - Current deviation: 0.01%
2024-10-10 15:11:24,302 - root - INFO - Current deviation: 0.01%
2024-10-10 15:11:57,042 - asyncio - DEBUG - Using proactor: IocpProactor
2024-10-10 15:11:58,539 - root - INFO - Placed initial BUY order at level 30517.58 for 0.05 units.
2024-10-10 15:11:58,950 - root - INFO - Placed initial BUY order at level 36621.10 for 0.05 units.
2024-10-10 15:11:59,314 - root - INFO - Placed initial BUY order at level 42724.62 for 0.05 units.
2024-10-10 15:11:59,651 - root - INFO - Placed initial BUY order at level 48828.14 for 0.05 units.
2024-10-10 15:12:00,025 - root - INFO - Placed initial BUY order at level 54931.65 for 0.05 units.
2024-10-10 15:12:00,487 - root - INFO - Placed initial SELL order at level 61035.17 for 0.05 units.
2024-10-10 15:12:00,857 - root - INFO - Placed initial SELL order at level 67138.69 for 0.05 units.
2024-10-10 15:12:01,261 - root - INFO - Placed initial SELL order at level 73242.20 for 0.05 units.
2024-10-10 15:12:01,606 - root - INFO - Placed initial SELL order at level 79345.72 for 0.05 units.
2024-10-10 15:12:01,969 - root - INFO - Placed initial SELL order at level 85449.24 for 0.05 units.
2024-10-10 15:12:02,384 - root - INFO - Current price: 61035.17, Current deviation: 0.00%
2024-10-10 15:12:07,884 - root - INFO - Current price: 61043.99, Current deviation: 0.01%
2024-10-10 15:12:13,236 - root - INFO - Current price: 61049.59, Current deviation: 0.02%
2024-10-10 15:12:18,576 - root - INFO - Current price: 61049.59, Current deviation: 0.02%
2024-10-10 15:12:23,917 - root - INFO - Current price: 61049.99, Current deviation: 0.02%
2024-10-10 15:12:29,292 - root - INFO - Current price: 61049.99, Current deviation: 0.02%
2024-10-10 15:12:34,628 - root - INFO - Current price: 61048.12, Current deviation: 0.02%
2024-10-13 19:44:25,697 - asyncio - DEBUG - Using proactor: IocpProactor
2024-10-13 19:47:07,328 - asyncio - DEBUG - Using proactor: IocpProactor
2024-10-13 19:47:49,832 - asyncio - DEBUG - Using proactor: IocpProactor
2024-10-13 19:47:50,745 - root - INFO - Calculated buy order size: 0.125, sell order size: 0.0025
2024-10-13 19:47:51,056 - asyncio - ERROR - Unclosed client session
client_session: <aiohttp.client.ClientSession object at 0x000002A83FE3A840>
2024-10-14 20:07:59,831 - asyncio - DEBUG - Using proactor: IocpProactor
2024-10-14 20:08:00,286 - root - INFO - Calculated buy order size: 0.125, sell order size: 0.0025
2024-10-14 20:08:00,576 - root - INFO - Calculated grid levels: Buy levels: [65480.95995, 65151.90989999999, 64822.85984999999, 64493.809799999995], Sell levels: [66139.06005, 66468.11009999999, 66797.16015, 67126.2102]
2024-10-14 20:08:00,576 - root - INFO - Placing batch orders...
2024-10-14 20:08:00,641 - asyncio - ERROR - Unclosed client session
client_session: <aiohttp.client.ClientSession object at 0x000001F87B228110>
