2024-10-19 11:11:58,765 - django.utils.autoreload - INFO - Watching for file changes with StatReloader
2024-10-19 11:12:52,393 - django.utils.autoreload - INFO - Watching for file changes with StatReloader
2024-10-19 11:13:09,726 - django.request - WARNING - Not Found: /
2024-10-19 11:13:10,582 - django.request - WARNING - Not Found: /favicon.ico
2024-10-19 13:54:49,946 - django.utils.autoreload - INFO - Watching for file changes with StatReloader
2024-10-19 13:55:14,293 - django.request - WARNING - Not Found: /ws/django_bot/
2024-10-19 13:55:14,317 - django.request - WARNING - Not Found: /ws/django_bot/
2024-10-19 13:55:31,856 - django.request - WARNING - Not Found: /ws/django_bot/
2024-10-19 13:55:31,904 - django.request - WARNING - Not Found: /ws/django_bot/
2024-10-19 14:02:16,457 - django.request - WARNING - Not Found: /ws/django_bot/
2024-10-19 14:02:16,489 - django.request - WARNING - Not Found: /ws/django_bot/
2024-10-19 14:28:30,712 - django.request - WARNING - Not Found: /ws/django_bot/
2024-10-19 14:28:30,736 - django.request - WARNING - Not Found: /ws/django_bot/
2024-10-26 13:29:38,501 - root - INFO - Sufficient balance for USDT and ETH.
2024-10-26 13:29:38,509 - asyncio - DEBUG - Using proactor: IocpProactor
2024-10-26 13:29:38,509 - root - INFO - Trading bot started successfully.
2024-10-26 13:29:38,509 - root - INFO - Starting the grid trading strategy execution.
2024-10-26 13:29:38,517 - root - INFO - Waiting for current price to update...
2024-10-26 13:29:38,909 - binance_websocket - INFO - WebSocket for ethusdt started.
2024-10-26 13:29:38,909 - root - INFO - WebSocket connection started.
2024-10-26 13:29:39,517 - root - INFO - Waiting for current price to update...
2024-10-26 13:29:40,352 - root - INFO - Sufficient balance for USDT and ETH.
2024-10-26 13:29:40,352 - asyncio - DEBUG - Using proactor: IocpProactor
2024-10-26 13:29:40,352 - root - INFO - Trading bot started successfully.
2024-10-26 13:29:40,360 - root - INFO - Starting the grid trading strategy execution.
2024-10-26 13:29:40,360 - root - INFO - Waiting for current price to update...
2024-10-26 13:29:40,384 - django.utils.autoreload - INFO - Watching for file changes with StatReloader
2024-10-26 13:29:40,513 - root - INFO - Waiting for current price to update...
2024-10-26 13:29:40,513 - root - INFO - Initial price set to $2463.35. Calculating grid levels and order sizes.
2024-10-26 13:29:40,513 - root - INFO - Calculating grid levels based on the current price and deviation threshold.
2024-10-26 13:29:40,513 - root - INFO - Buy levels: [2458.4233, 2453.4966, 2448.5699, 2443.6432, 2438.7165, 2433.7898, 2428.8631, 2423.9364, 2419.0097, 2414.083]
2024-10-26 13:29:40,513 - root - INFO - Sell levels: [2468.2767, 2473.2034, 2478.1301, 2483.0568, 2487.9835, 2492.9102, 2497.8369, 2502.7635999999998, 2507.6902999999998, 2512.6169999999997]
2024-10-26 13:29:40,513 - root - DEBUG - Total buy funds: 1000 USDT
2024-10-26 13:29:40,513 - root - DEBUG - Growth factor: 0.5
2024-10-26 13:29:40,513 - root - DEBUG - Initial buy order size (x1): 30.76923076923077
2024-10-26 13:29:40,513 - root - DEBUG - Total sell quantity: 0.5 BTC
2024-10-26 13:29:40,513 - root - DEBUG - Initial sell order size (x1_sell): 0.015384615384615385
2024-10-26 13:29:40,513 - root - INFO - Calculated order sizes for each grid level.
2024-10-26 13:29:40,513 - root - INFO - Buy Level 1: Price = 2458.4233, Order Size = 0.01249080754632138 BTC
2024-10-26 13:29:40,513 - root - INFO - Buy Level 2: Price = 2453.4966, Order Size = 0.01873621131948207 BTC
2024-10-26 13:29:40,513 - root - INFO - Buy Level 3: Price = 2448.5699, Order Size = 0.02498161509264276 BTC
2024-10-26 13:29:40,513 - root - INFO - Buy Level 4: Price = 2443.6432, Order Size = 0.03122701886580345 BTC
2024-10-26 13:29:40,513 - root - INFO - Buy Level 5: Price = 2438.7165, Order Size = 0.03747242263896414 BTC
2024-10-26 13:29:40,513 - root - INFO - Buy Level 6: Price = 2433.7898, Order Size = 0.04371782641212483 BTC
2024-10-26 13:29:40,513 - root - INFO - Buy Level 7: Price = 2428.8631, Order Size = 0.04996323018528552 BTC
2024-10-26 13:29:40,513 - root - INFO - Buy Level 8: Price = 2423.9364, Order Size = 0.056208633958446205 BTC
2024-10-26 13:29:40,513 - root - INFO - Buy Level 9: Price = 2419.0097, Order Size = 0.0624540377316069 BTC
2024-10-26 13:29:40,513 - root - INFO - Buy Level 10: Price = 2414.083, Order Size = 0.06869944150476759 BTC
2024-10-26 13:29:40,513 - root - INFO - Sell Level 1: Price = 2468.2767, Order Size = 0.015384615384615385 BTC
2024-10-26 13:29:40,513 - root - INFO - Sell Level 2: Price = 2473.2034, Order Size = 0.023076923076923078 BTC
2024-10-26 13:29:40,513 - root - INFO - Sell Level 3: Price = 2478.1301, Order Size = 0.03076923076923077 BTC
2024-10-26 13:29:40,513 - root - INFO - Sell Level 4: Price = 2483.0568, Order Size = 0.038461538461538464 BTC
2024-10-26 13:29:40,513 - root - INFO - Sell Level 5: Price = 2487.9835, Order Size = 0.046153846153846156 BTC
2024-10-26 13:29:40,513 - root - INFO - Sell Level 6: Price = 2492.9102, Order Size = 0.05384615384615385 BTC
2024-10-26 13:29:40,513 - root - INFO - Sell Level 7: Price = 2497.8369, Order Size = 0.06153846153846154 BTC
2024-10-26 13:29:40,513 - root - INFO - Sell Level 8: Price = 2502.7635999999998, Order Size = 0.06923076923076923 BTC
2024-10-26 13:29:40,520 - root - INFO - Sell Level 9: Price = 2507.6902999999998, Order Size = 0.07692307692307693 BTC
2024-10-26 13:29:40,520 - root - INFO - Sell Level 10: Price = 2512.6169999999997, Order Size = 0.08461538461538462 BTC
2024-10-26 13:29:40,520 - root - INFO - Starting to place batch orders for initial grid levels.
2024-10-26 13:29:40,520 - root - DEBUG - Order type: buy
2024-10-26 13:29:40,520 - root - DEBUG - Total orders: 10
2024-10-26 13:29:40,520 - root - DEBUG - Buy order sizes: [0.01249080754632138, 0.01873621131948207, 0.02498161509264276, 0.03122701886580345, 0.03747242263896414, 0.04371782641212483, 0.04996323018528552, 0.056208633958446205, 0.0624540377316069, 0.06869944150476759]
2024-10-26 13:29:40,520 - root - DEBUG - Sell order sizes: [0.015384615384615385, 0.023076923076923078, 0.03076923076923077, 0.038461538461538464, 0.046153846153846156, 0.05384615384615385, 0.06153846153846154, 0.06923076923076923, 0.07692307692307693, 0.08461538461538462]
2024-10-26 13:29:40,520 - root - DEBUG - Current order sizes: [0.01249080754632138, 0.01873621131948207, 0.02498161509264276, 0.03122701886580345, 0.03747242263896414, 0.04371782641212483, 0.04996323018528552, 0.056208633958446205, 0.0624540377316069, 0.06869944150476759]
2024-10-26 13:29:40,520 - root - INFO - Attempting to place batch of 5 BUY orders for levels: 2458.42 to 2438.72
2024-10-26 13:29:40,520 - root - DEBUG - Entering for loop with batch_levels: [2458.4233, 2453.4966, 2448.5699, 2443.6432, 2438.7165] and batch_sizes: [0.01249080754632138, 0.01873621131948207, 0.02498161509264276, 0.03122701886580345, 0.03747242263896414]
2024-10-26 13:29:40,520 - root - DEBUG - Processing level_price: 2458.4233, order_size: 0.01249080754632138
2024-10-26 13:29:40,520 - root - INFO - Placing order at $2458.42 for 0.01249080754632138 units.
2024-10-26 13:29:40,520 - root - DEBUG - Task appended: <coroutine object GridStrategy.place_limit_order at 0x00000233265DC900>
2024-10-26 13:29:40,520 - root - DEBUG - Processing level_price: 2453.4966, order_size: 0.01873621131948207
2024-10-26 13:29:40,520 - root - INFO - Placing order at $2453.50 for 0.01873621131948207 units.
2024-10-26 13:29:40,520 - root - DEBUG - Task appended: <coroutine object GridStrategy.place_limit_order at 0x00000233265DCAC0>
2024-10-26 13:29:40,520 - root - DEBUG - Processing level_price: 2448.5699, order_size: 0.02498161509264276
2024-10-26 13:29:40,528 - root - INFO - Placing order at $2448.57 for 0.02498161509264276 units.
2024-10-26 13:29:40,528 - root - DEBUG - Task appended: <coroutine object GridStrategy.place_limit_order at 0x00000233265DCC80>
2024-10-26 13:29:40,528 - root - DEBUG - Processing level_price: 2443.6432, order_size: 0.03122701886580345
2024-10-26 13:29:40,528 - root - INFO - Placing order at $2443.64 for 0.03122701886580345 units.
2024-10-26 13:29:40,528 - root - DEBUG - Task appended: <coroutine object GridStrategy.place_limit_order at 0x00000233265DCE40>
2024-10-26 13:29:40,528 - root - DEBUG - Processing level_price: 2438.7165, order_size: 0.03747242263896414
2024-10-26 13:29:40,528 - root - INFO - Placing order at $2438.72 for 0.03747242263896414 units.
2024-10-26 13:29:40,528 - root - DEBUG - Task appended: <coroutine object GridStrategy.place_limit_order at 0x00000233265DD000>
2024-10-26 13:29:40,528 - root - DEBUG - Exiting for loop. Total tasks: 5
2024-10-26 13:29:40,528 - root - INFO - Placing BUY order at $2458.4233 for 0.01249080754632138 units.
2024-10-26 13:29:40,713 - binance_websocket - INFO - WebSocket for ethusdt started.
2024-10-26 13:29:40,713 - root - INFO - WebSocket connection started.
2024-10-26 13:29:41,149 - root - INFO - Placing BUY order at $2453.4966 for 0.01873621131948207 units.
2024-10-26 13:29:41,361 - root - INFO - Waiting for current price to update...
2024-10-26 13:29:42,059 - root - INFO - Placing BUY order at $2448.5699 for 0.02498161509264276 units.
2024-10-26 13:29:42,359 - root - INFO - Waiting for current price to update...
2024-10-26 13:29:42,415 - root - INFO - Placing BUY order at $2443.6432 for 0.03122701886580345 units.
2024-10-26 13:29:43,321 - root - INFO - Placing BUY order at $2438.7165 for 0.03747242263896414 units.
2024-10-26 13:29:43,360 - root - INFO - Waiting for current price to update...
2024-10-26 13:29:43,360 - root - INFO - Initial price set to $2463.36. Calculating grid levels and order sizes.
2024-10-26 13:29:43,360 - root - INFO - Calculating grid levels based on the current price and deviation threshold.
2024-10-26 13:29:43,360 - root - INFO - Buy levels: [2458.43328, 2453.5065600000003, 2448.5798400000003, 2443.65312, 2438.7264, 2433.79968, 2428.87296, 2423.94624, 2419.0195200000003, 2414.0928000000004]
2024-10-26 13:29:43,360 - root - INFO - Sell levels: [2468.28672, 2473.21344, 2478.14016, 2483.0668800000003, 2487.9936000000002, 2492.92032, 2497.84704, 2502.77376, 2507.70048, 2512.6272]
2024-10-26 13:29:43,360 - root - DEBUG - Total buy funds: 1000 USDT
2024-10-26 13:29:43,360 - root - DEBUG - Growth factor: 0.5
2024-10-26 13:29:43,360 - root - DEBUG - Initial buy order size (x1): 30.76923076923077
2024-10-26 13:29:43,360 - root - DEBUG - Total sell quantity: 0.5 BTC
2024-10-26 13:29:43,360 - root - DEBUG - Initial sell order size (x1_sell): 0.015384615384615385
2024-10-26 13:29:43,367 - root - INFO - Calculated order sizes for each grid level.
2024-10-26 13:29:43,367 - root - INFO - Buy Level 1: Price = 2458.43328, Order Size = 0.012490756839938446 BTC
2024-10-26 13:29:43,367 - root - INFO - Buy Level 2: Price = 2453.5065600000003, Order Size = 0.018736135259907666 BTC
2024-10-26 13:29:43,367 - root - INFO - Buy Level 3: Price = 2448.5798400000003, Order Size = 0.02498151367987689 BTC
2024-10-26 13:29:43,367 - root - INFO - Buy Level 4: Price = 2443.65312, Order Size = 0.03122689209984611 BTC
2024-10-26 13:29:43,367 - root - INFO - Buy Level 5: Price = 2438.7264, Order Size = 0.03747227051981533 BTC
2024-10-26 13:29:43,367 - root - INFO - Buy Level 6: Price = 2433.79968, Order Size = 0.04371764893978456 BTC
2024-10-26 13:29:43,367 - root - INFO - Buy Level 7: Price = 2428.87296, Order Size = 0.04996302735975378 BTC
2024-10-26 13:29:43,367 - root - INFO - Buy Level 8: Price = 2423.94624, Order Size = 0.056208405779723 BTC
2024-10-26 13:29:43,367 - root - INFO - Buy Level 9: Price = 2419.0195200000003, Order Size = 0.06245378419969222 BTC
2024-10-26 13:29:43,367 - root - INFO - Buy Level 10: Price = 2414.0928000000004, Order Size = 0.06869916261966144 BTC
2024-10-26 13:29:43,367 - root - INFO - Sell Level 1: Price = 2468.28672, Order Size = 0.015384615384615385 BTC
2024-10-26 13:29:43,367 - root - INFO - Sell Level 2: Price = 2473.21344, Order Size = 0.023076923076923078 BTC
2024-10-26 13:29:43,367 - root - INFO - Sell Level 3: Price = 2478.14016, Order Size = 0.03076923076923077 BTC
2024-10-26 13:29:43,367 - root - INFO - Sell Level 4: Price = 2483.0668800000003, Order Size = 0.038461538461538464 BTC
2024-10-26 13:29:43,367 - root - INFO - Sell Level 5: Price = 2487.9936000000002, Order Size = 0.046153846153846156 BTC
2024-10-26 13:29:43,367 - root - INFO - Sell Level 6: Price = 2492.92032, Order Size = 0.05384615384615385 BTC
2024-10-26 13:29:43,367 - root - INFO - Sell Level 7: Price = 2497.84704, Order Size = 0.06153846153846154 BTC
2024-10-26 13:29:43,367 - root - INFO - Sell Level 8: Price = 2502.77376, Order Size = 0.06923076923076923 BTC
2024-10-26 13:29:43,367 - root - INFO - Sell Level 9: Price = 2507.70048, Order Size = 0.07692307692307693 BTC
2024-10-26 13:29:43,367 - root - INFO - Sell Level 10: Price = 2512.6272, Order Size = 0.08461538461538462 BTC
2024-10-26 13:29:43,367 - root - INFO - Starting to place batch orders for initial grid levels.
2024-10-26 13:29:43,367 - root - DEBUG - Order type: buy
2024-10-26 13:29:43,367 - root - DEBUG - Total orders: 10
2024-10-26 13:29:43,367 - root - DEBUG - Buy order sizes: [0.012490756839938446, 0.018736135259907666, 0.02498151367987689, 0.03122689209984611, 0.03747227051981533, 0.04371764893978456, 0.04996302735975378, 0.056208405779723, 0.06245378419969222, 0.06869916261966144]
2024-10-26 13:29:43,367 - root - DEBUG - Sell order sizes: [0.015384615384615385, 0.023076923076923078, 0.03076923076923077, 0.038461538461538464, 0.046153846153846156, 0.05384615384615385, 0.06153846153846154, 0.06923076923076923, 0.07692307692307693, 0.08461538461538462]
2024-10-26 13:29:43,367 - root - DEBUG - Current order sizes: [0.012490756839938446, 0.018736135259907666, 0.02498151367987689, 0.03122689209984611, 0.03747227051981533, 0.04371764893978456, 0.04996302735975378, 0.056208405779723, 0.06245378419969222, 0.06869916261966144]
2024-10-26 13:29:43,367 - root - INFO - Attempting to place batch of 5 BUY orders for levels: 2458.43 to 2438.73
2024-10-26 13:29:43,375 - root - DEBUG - Entering for loop with batch_levels: [2458.43328, 2453.5065600000003, 2448.5798400000003, 2443.65312, 2438.7264] and batch_sizes: [0.012490756839938446, 0.018736135259907666, 0.02498151367987689, 0.03122689209984611, 0.03747227051981533]
2024-10-26 13:29:43,375 - root - DEBUG - Processing level_price: 2458.43328, order_size: 0.012490756839938446
2024-10-26 13:29:43,375 - root - INFO - Placing order at $2458.43 for 0.012490756839938446 units.
2024-10-26 13:29:43,375 - root - DEBUG - Task appended: <coroutine object GridStrategy.place_limit_order at 0x000001EE85CA7680>
2024-10-26 13:29:43,375 - root - DEBUG - Processing level_price: 2453.5065600000003, order_size: 0.018736135259907666
2024-10-26 13:29:43,375 - root - INFO - Placing order at $2453.51 for 0.018736135259907666 units.
2024-10-26 13:29:43,375 - root - DEBUG - Task appended: <coroutine object GridStrategy.place_limit_order at 0x000001EE85CA7840>
2024-10-26 13:29:43,375 - root - DEBUG - Processing level_price: 2448.5798400000003, order_size: 0.02498151367987689
2024-10-26 13:29:43,375 - root - INFO - Placing order at $2448.58 for 0.02498151367987689 units.
2024-10-26 13:29:43,375 - root - DEBUG - Task appended: <coroutine object GridStrategy.place_limit_order at 0x000001EE85CA7A00>
2024-10-26 13:29:43,375 - root - DEBUG - Processing level_price: 2443.65312, order_size: 0.03122689209984611
2024-10-26 13:29:43,375 - root - INFO - Placing order at $2443.65 for 0.03122689209984611 units.
2024-10-26 13:29:43,375 - root - DEBUG - Task appended: <coroutine object GridStrategy.place_limit_order at 0x000001EE85CA7BC0>
2024-10-26 13:29:43,375 - root - DEBUG - Processing level_price: 2438.7264, order_size: 0.03747227051981533
2024-10-26 13:29:43,375 - root - INFO - Placing order at $2438.73 for 0.03747227051981533 units.
2024-10-26 13:29:43,375 - root - DEBUG - Task appended: <coroutine object GridStrategy.place_limit_order at 0x000001EE85CA7D80>
2024-10-26 13:29:43,375 - root - DEBUG - Exiting for loop. Total tasks: 5
2024-10-26 13:29:43,375 - root - INFO - Placing BUY order at $2458.43328 for 0.012490756839938446 units.
2024-10-26 13:29:43,736 - root - INFO - Placing BUY order at $2453.5065600000003 for 0.018736135259907666 units.
2024-10-26 13:29:44,135 - root - DEBUG - Response: {'symbol': 'ETHUSDT', 'orderId': 13466605, 'orderListId': -1, 'clientOrderId': 'fVadAFGZoVCGkCR6PgX9cQ', 'transactTime': 1729942184094, 'price': '2458.42000000', 'origQty': '0.01250000', 'executedQty': '0.00000000', 'cummulativeQuoteQty': '0.00000000', 'status': 'NEW', 'timeInForce': 'GTC', 'type': 'LIMIT', 'side': 'BUY', 'workingTime': 1729942184094, 'fills': [], 'selfTradePreventionMode': 'EXPIRE_MAKER'}
2024-10-26 13:29:44,135 - root - INFO - Update: {'event': 'order_placed', 'order_type': 'buy', 'price': 2458.42, 'order_size': 0.0125}
2024-10-26 13:29:44,357 - root - INFO - Placing BUY order at $2448.5798400000003 for 0.02498151367987689 units.
2024-10-26 13:29:44,405 - root - DEBUG - Response: {'symbol': 'ETHUSDT', 'orderId': 13466613, 'orderListId': -1, 'clientOrderId': 'QPlavuf2bc6zR73xEFsQlt', 'transactTime': 1729942184369, 'price': '2448.57000000', 'origQty': '0.02500000', 'executedQty': '0.00000000', 'cummulativeQuoteQty': '0.00000000', 'status': 'NEW', 'timeInForce': 'GTC', 'type': 'LIMIT', 'side': 'BUY', 'workingTime': 1729942184369, 'fills': [], 'selfTradePreventionMode': 'EXPIRE_MAKER'}
2024-10-26 13:29:44,405 - root - INFO - Update: {'event': 'order_placed', 'order_type': 'buy', 'price': 2448.57, 'order_size': 0.025}
2024-10-26 13:29:44,405 - root - DEBUG - Response: {'symbol': 'ETHUSDT', 'orderId': 13466614, 'orderListId': -1, 'clientOrderId': 'nXhpdGDkydxFXvt6BjKFsX', 'transactTime': 1729942184371, 'price': '2453.50000000', 'origQty': '0.01870000', 'executedQty': '0.00000000', 'cummulativeQuoteQty': '0.00000000', 'status': 'NEW', 'timeInForce': 'GTC', 'type': 'LIMIT', 'side': 'BUY', 'workingTime': 1729942184371, 'fills': [], 'selfTradePreventionMode': 'EXPIRE_MAKER'}
2024-10-26 13:29:44,405 - root - INFO - Update: {'event': 'order_placed', 'order_type': 'buy', 'price': 2453.5, 'order_size': 0.0187}
2024-10-26 13:29:44,413 - root - DEBUG - Response: {'symbol': 'ETHUSDT', 'orderId': 13466615, 'orderListId': -1, 'clientOrderId': 'c9FsiLDG9EgylTBod9QDSm', 'transactTime': 1729942184376, 'price': '2438.72000000', 'origQty': '0.03750000', 'executedQty': '0.00000000', 'cummulativeQuoteQty': '0.00000000', 'status': 'NEW', 'timeInForce': 'GTC', 'type': 'LIMIT', 'side': 'BUY', 'workingTime': 1729942184376, 'fills': [], 'selfTradePreventionMode': 'EXPIRE_MAKER'}
2024-10-26 13:29:44,413 - root - INFO - Update: {'event': 'order_placed', 'order_type': 'buy', 'price': 2438.72, 'order_size': 0.0375}
2024-10-26 13:29:44,413 - root - DEBUG - Response: {'symbol': 'ETHUSDT', 'orderId': 13466616, 'orderListId': -1, 'clientOrderId': 'kXoSKuYpuT2V6rFCr4zZyJ', 'transactTime': 1729942184378, 'price': '2443.64000000', 'origQty': '0.03120000', 'executedQty': '0.00000000', 'cummulativeQuoteQty': '0.00000000', 'status': 'NEW', 'timeInForce': 'GTC', 'type': 'LIMIT', 'side': 'BUY', 'workingTime': 1729942184378, 'fills': [], 'selfTradePreventionMode': 'EXPIRE_MAKER'}
2024-10-26 13:29:44,413 - root - INFO - Update: {'event': 'order_placed', 'order_type': 'buy', 'price': 2443.64, 'order_size': 0.0312}
2024-10-26 13:29:44,413 - root - INFO - Placed BUY orders for levels: 2458.42 to 2438.72.
2024-10-26 13:29:44,413 - root - INFO - Successful orders: 5, Failed orders: 0
2024-10-26 13:29:44,413 - root - INFO - Total orders: 10, Remaining orders: 5
2024-10-26 13:29:45,262 - root - INFO - Placing BUY order at $2443.65312 for 0.03122689209984611 units.
2024-10-26 13:29:45,933 - root - INFO - Placing BUY order at $2438.7264 for 0.03747227051981533 units.
2024-10-26 13:29:46,424 - root - INFO - Attempting to place batch of 5 BUY orders for levels: 2433.79 to 2414.08
2024-10-26 13:29:46,426 - root - DEBUG - Entering for loop with batch_levels: [2433.7898, 2428.8631, 2423.9364, 2419.0097, 2414.083] and batch_sizes: [0.04371782641212483, 0.04996323018528552, 0.056208633958446205, 0.0624540377316069, 0.06869944150476759]
2024-10-26 13:29:46,426 - root - DEBUG - Processing level_price: 2433.7898, order_size: 0.04371782641212483
2024-10-26 13:29:46,426 - root - INFO - Placing order at $2433.79 for 0.04371782641212483 units.
2024-10-26 13:29:46,426 - root - DEBUG - Task appended: <coroutine object GridStrategy.place_limit_order at 0x00000233265DC900>
2024-10-26 13:29:46,426 - root - DEBUG - Processing level_price: 2428.8631, order_size: 0.04996323018528552
2024-10-26 13:29:46,426 - root - INFO - Placing order at $2428.86 for 0.04996323018528552 units.
2024-10-26 13:29:46,426 - root - DEBUG - Task appended: <coroutine object GridStrategy.place_limit_order at 0x00000233265DD000>
2024-10-26 13:29:46,426 - root - DEBUG - Processing level_price: 2423.9364, order_size: 0.056208633958446205
2024-10-26 13:29:46,426 - root - INFO - Placing order at $2423.94 for 0.056208633958446205 units.
2024-10-26 13:29:46,426 - root - DEBUG - Task appended: <coroutine object GridStrategy.place_limit_order at 0x00000233265DCAC0>
2024-10-26 13:29:46,426 - root - DEBUG - Processing level_price: 2419.0097, order_size: 0.0624540377316069
2024-10-26 13:29:46,426 - root - INFO - Placing order at $2419.01 for 0.0624540377316069 units.
2024-10-26 13:29:46,426 - root - DEBUG - Task appended: <coroutine object GridStrategy.place_limit_order at 0x00000233265DCC80>
2024-10-26 13:29:46,426 - root - DEBUG - Processing level_price: 2414.083, order_size: 0.06869944150476759
2024-10-26 13:29:46,426 - root - INFO - Placing order at $2414.08 for 0.06869944150476759 units.
2024-10-26 13:29:46,426 - root - DEBUG - Task appended: <coroutine object GridStrategy.place_limit_order at 0x00000233265DCE40>
2024-10-26 13:29:46,434 - root - DEBUG - Exiting for loop. Total tasks: 5
2024-10-26 13:29:46,434 - root - INFO - Placing BUY order at $2433.7898 for 0.04371782641212483 units.
2024-10-26 13:29:47,062 - root - INFO - Placing BUY order at $2428.8631 for 0.04996323018528552 units.
2024-10-26 13:29:47,159 - root - DEBUG - Response: {'symbol': 'ETHUSDT', 'orderId': 13466633, 'orderListId': -1, 'clientOrderId': '8LaAArwOToIl7HkQceU75L', 'transactTime': 1729942187124, 'price': '2458.43000000', 'origQty': '0.01250000', 'executedQty': '0.00000000', 'cummulativeQuoteQty': '0.00000000', 'status': 'NEW', 'timeInForce': 'GTC', 'type': 'LIMIT', 'side': 'BUY', 'workingTime': 1729942187124, 'fills': [], 'selfTradePreventionMode': 'EXPIRE_MAKER'}
2024-10-26 13:29:47,166 - root - INFO - Update: {'event': 'order_placed', 'order_type': 'buy', 'price': 2458.43, 'order_size': 0.0125}
2024-10-26 13:29:47,166 - root - DEBUG - Response: {'symbol': 'ETHUSDT', 'orderId': 13466634, 'orderListId': -1, 'clientOrderId': 'Ayl3QPhgFHT3MuNWnlYaCq', 'transactTime': 1729942187129, 'price': '2448.58000000', 'origQty': '0.02500000', 'executedQty': '0.00000000', 'cummulativeQuoteQty': '0.00000000', 'status': 'NEW', 'timeInForce': 'GTC', 'type': 'LIMIT', 'side': 'BUY', 'workingTime': 1729942187129, 'fills': [], 'selfTradePreventionMode': 'EXPIRE_MAKER'}
2024-10-26 13:29:47,166 - root - INFO - Update: {'event': 'order_placed', 'order_type': 'buy', 'price': 2448.58, 'order_size': 0.025}
2024-10-26 13:29:47,182 - root - DEBUG - Response: {'symbol': 'ETHUSDT', 'orderId': 13466636, 'orderListId': -1, 'clientOrderId': '5D1SmjzNtC2WiLkNV3LJM7', 'transactTime': 1729942187141, 'price': '2443.65000000', 'origQty': '0.03120000', 'executedQty': '0.00000000', 'cummulativeQuoteQty': '0.00000000', 'status': 'NEW', 'timeInForce': 'GTC', 'type': 'LIMIT', 'side': 'BUY', 'workingTime': 1729942187141, 'fills': [], 'selfTradePreventionMode': 'EXPIRE_MAKER'}
2024-10-26 13:29:47,182 - root - INFO - Update: {'event': 'order_placed', 'order_type': 'buy', 'price': 2443.65, 'order_size': 0.0312}
2024-10-26 13:29:47,182 - root - DEBUG - Response: {'symbol': 'ETHUSDT', 'orderId': 13466635, 'orderListId': -1, 'clientOrderId': 'vSvXPzqsnvsHrU9NV1rupC', 'transactTime': 1729942187141, 'price': '2453.51000000', 'origQty': '0.01870000', 'executedQty': '0.00000000', 'cummulativeQuoteQty': '0.00000000', 'status': 'NEW', 'timeInForce': 'GTC', 'type': 'LIMIT', 'side': 'BUY', 'workingTime': 1729942187141, 'fills': [], 'selfTradePreventionMode': 'EXPIRE_MAKER'}
2024-10-26 13:29:47,182 - root - INFO - Update: {'event': 'order_placed', 'order_type': 'buy', 'price': 2453.51, 'order_size': 0.0187}
2024-10-26 13:29:47,446 - root - DEBUG - Response: {'symbol': 'ETHUSDT', 'orderId': 13466642, 'orderListId': -1, 'clientOrderId': 'f7tIPVNkaQTsDeWiQqifpk', 'transactTime': 1729942187407, 'price': '2438.73000000', 'origQty': '0.03750000', 'executedQty': '0.00000000', 'cummulativeQuoteQty': '0.00000000', 'status': 'NEW', 'timeInForce': 'GTC', 'type': 'LIMIT', 'side': 'BUY', 'workingTime': 1729942187407, 'fills': [], 'selfTradePreventionMode': 'EXPIRE_MAKER'}
2024-10-26 13:29:47,446 - root - INFO - Update: {'event': 'order_placed', 'order_type': 'buy', 'price': 2438.73, 'order_size': 0.0375}
2024-10-26 13:29:47,446 - root - INFO - Placed BUY orders for levels: 2458.43 to 2438.73.
2024-10-26 13:29:47,446 - root - INFO - Successful orders: 5, Failed orders: 0
2024-10-26 13:29:47,446 - root - INFO - Total orders: 10, Remaining orders: 5
2024-10-26 13:29:47,724 - root - INFO - Placing BUY order at $2423.9364 for 0.056208633958446205 units.
2024-10-26 13:29:48,378 - root - INFO - Placing BUY order at $2419.0097 for 0.0624540377316069 units.
2024-10-26 13:29:48,744 - root - INFO - Placing BUY order at $2414.083 for 0.06869944150476759 units.
2024-10-26 13:29:49,452 - root - INFO - Attempting to place batch of 5 BUY orders for levels: 2433.80 to 2414.09
2024-10-26 13:29:49,452 - root - DEBUG - Entering for loop with batch_levels: [2433.79968, 2428.87296, 2423.94624, 2419.0195200000003, 2414.0928000000004] and batch_sizes: [0.04371764893978456, 0.04996302735975378, 0.056208405779723, 0.06245378419969222, 0.06869916261966144]
2024-10-26 13:29:49,452 - root - DEBUG - Processing level_price: 2433.79968, order_size: 0.04371764893978456
2024-10-26 13:29:49,452 - root - INFO - Placing order at $2433.80 for 0.04371764893978456 units.
2024-10-26 13:29:49,452 - root - DEBUG - Task appended: <coroutine object GridStrategy.place_limit_order at 0x000001EE85CA7680>
2024-10-26 13:29:49,452 - root - DEBUG - Processing level_price: 2428.87296, order_size: 0.04996302735975378
2024-10-26 13:29:49,452 - root - INFO - Placing order at $2428.87 for 0.04996302735975378 units.
2024-10-26 13:29:49,452 - root - DEBUG - Task appended: <coroutine object GridStrategy.place_limit_order at 0x000001EE85CA7D80>
2024-10-26 13:29:49,459 - root - DEBUG - Processing level_price: 2423.94624, order_size: 0.056208405779723
2024-10-26 13:29:49,459 - root - INFO - Placing order at $2423.95 for 0.056208405779723 units.
2024-10-26 13:29:49,459 - root - DEBUG - Task appended: <coroutine object GridStrategy.place_limit_order at 0x000001EE85CA7840>
2024-10-26 13:29:49,459 - root - DEBUG - Processing level_price: 2419.0195200000003, order_size: 0.06245378419969222
2024-10-26 13:29:49,459 - root - INFO - Placing order at $2419.02 for 0.06245378419969222 units.
2024-10-26 13:29:49,459 - root - DEBUG - Task appended: <coroutine object GridStrategy.place_limit_order at 0x000001EE85CA7A00>
2024-10-26 13:29:49,459 - root - DEBUG - Processing level_price: 2414.0928000000004, order_size: 0.06869916261966144
2024-10-26 13:29:49,459 - root - INFO - Placing order at $2414.09 for 0.06869916261966144 units.
2024-10-26 13:29:49,459 - root - DEBUG - Task appended: <coroutine object GridStrategy.place_limit_order at 0x000001EE85CA7BC0>
2024-10-26 13:29:49,459 - root - DEBUG - Exiting for loop. Total tasks: 5
2024-10-26 13:29:49,459 - root - INFO - Placing BUY order at $2433.79968 for 0.04371764893978456 units.
2024-10-26 13:29:49,523 - root - DEBUG - Response: {'symbol': 'ETHUSDT', 'orderId': 13466640, 'orderListId': -1, 'clientOrderId': 'jj8jMkDQqfwEdJQ8ukAQ8J', 'transactTime': 1729942187179, 'price': '2433.79000000', 'origQty': '0.04370000', 'executedQty': '0.00000000', 'cummulativeQuoteQty': '0.00000000', 'status': 'NEW', 'timeInForce': 'GTC', 'type': 'LIMIT', 'side': 'BUY', 'workingTime': 1729942187179, 'fills': [], 'selfTradePreventionMode': 'EXPIRE_MAKER'}
2024-10-26 13:29:49,523 - root - INFO - Update: {'event': 'order_placed', 'order_type': 'buy', 'price': 2433.79, 'order_size': 0.0437}
2024-10-26 13:29:49,523 - root - DEBUG - Response: {'symbol': 'ETHUSDT', 'orderId': 13466643, 'orderListId': -1, 'clientOrderId': 'm4DdsdI3yQTKUZd3DY7yFX', 'transactTime': 1729942187841, 'price': '2428.86000000', 'origQty': '0.05000000', 'executedQty': '0.00000000', 'cummulativeQuoteQty': '0.00000000', 'status': 'NEW', 'timeInForce': 'GTC', 'type': 'LIMIT', 'side': 'BUY', 'workingTime': 1729942187841, 'fills': [], 'selfTradePreventionMode': 'EXPIRE_MAKER'}
2024-10-26 13:29:49,523 - root - INFO - Update: {'event': 'order_placed', 'order_type': 'buy', 'price': 2428.86, 'order_size': 0.05}
2024-10-26 13:29:49,523 - root - DEBUG - Response: {'symbol': 'ETHUSDT', 'orderId': 13466646, 'orderListId': -1, 'clientOrderId': '6XGdk7C4zg8yqVVCaXRcua', 'transactTime': 1729942188495, 'price': '2423.94000000', 'origQty': '0.05620000', 'executedQty': '0.00000000', 'cummulativeQuoteQty': '0.00000000', 'status': 'NEW', 'timeInForce': 'GTC', 'type': 'LIMIT', 'side': 'BUY', 'workingTime': 1729942188495, 'fills': [], 'selfTradePreventionMode': 'EXPIRE_MAKER'}
2024-10-26 13:29:49,523 - root - INFO - Update: {'event': 'order_placed', 'order_type': 'buy', 'price': 2423.94, 'order_size': 0.0562}
2024-10-26 13:29:49,523 - root - DEBUG - Response: {'symbol': 'ETHUSDT', 'orderId': 13466647, 'orderListId': -1, 'clientOrderId': 'guc44wU8LMRlYcVTrtyZ6Z', 'transactTime': 1729942188863, 'price': '2419.01000000', 'origQty': '0.06250000', 'executedQty': '0.00000000', 'cummulativeQuoteQty': '0.00000000', 'status': 'NEW', 'timeInForce': 'GTC', 'type': 'LIMIT', 'side': 'BUY', 'workingTime': 1729942188863, 'fills': [], 'selfTradePreventionMode': 'EXPIRE_MAKER'}
2024-10-26 13:29:49,523 - root - INFO - Update: {'event': 'order_placed', 'order_type': 'buy', 'price': 2419.01, 'order_size': 0.0625}
2024-10-26 13:29:49,679 - root - DEBUG - Response: {'symbol': 'ETHUSDT', 'orderId': 13466651, 'orderListId': -1, 'clientOrderId': 'H1owTOERqdYuraUxvPPeV2', 'transactTime': 1729942189637, 'price': '2414.08000000', 'origQty': '0.06870000', 'executedQty': '0.00000000', 'cummulativeQuoteQty': '0.00000000', 'status': 'NEW', 'timeInForce': 'GTC', 'type': 'LIMIT', 'side': 'BUY', 'workingTime': 1729942189637, 'fills': [], 'selfTradePreventionMode': 'EXPIRE_MAKER'}
2024-10-26 13:29:49,679 - root - INFO - Update: {'event': 'order_placed', 'order_type': 'buy', 'price': 2414.08, 'order_size': 0.0687}
2024-10-26 13:29:49,679 - root - INFO - Placed BUY orders for levels: 2433.79 to 2414.08.
2024-10-26 13:29:49,679 - root - INFO - Successful orders: 10, Failed orders: 0
2024-10-26 13:29:49,679 - root - INFO - Total orders: 10, Remaining orders: 0
2024-10-26 13:29:50,509 - root - INFO - Placing BUY order at $2428.87296 for 0.04996302735975378 units.
2024-10-26 13:29:51,144 - root - INFO - Placing BUY order at $2423.94624 for 0.056208405779723 units.
2024-10-26 13:29:51,506 - root - INFO - Placing BUY order at $2419.0195200000003 for 0.06245378419969222 units.
2024-10-26 13:29:51,693 - root - DEBUG - Order type: sell
2024-10-26 13:29:51,693 - root - DEBUG - Total orders: 10
2024-10-26 13:29:51,693 - root - DEBUG - Buy order sizes: [0.01249080754632138, 0.01873621131948207, 0.02498161509264276, 0.03122701886580345, 0.03747242263896414, 0.04371782641212483, 0.04996323018528552, 0.056208633958446205, 0.0624540377316069, 0.06869944150476759]
2024-10-26 13:29:51,693 - root - DEBUG - Sell order sizes: [0.015384615384615385, 0.023076923076923078, 0.03076923076923077, 0.038461538461538464, 0.046153846153846156, 0.05384615384615385, 0.06153846153846154, 0.06923076923076923, 0.07692307692307693, 0.08461538461538462]
2024-10-26 13:29:51,693 - root - DEBUG - Current order sizes: [0.015384615384615385, 0.023076923076923078, 0.03076923076923077, 0.038461538461538464, 0.046153846153846156, 0.05384615384615385, 0.06153846153846154, 0.06923076923076923, 0.07692307692307693, 0.08461538461538462]
2024-10-26 13:29:51,693 - root - INFO - Attempting to place batch of 5 SELL orders for levels: 2468.28 to 2487.98
2024-10-26 13:29:51,693 - root - DEBUG - Entering for loop with batch_levels: [2468.2767, 2473.2034, 2478.1301, 2483.0568, 2487.9835] and batch_sizes: [0.015384615384615385, 0.023076923076923078, 0.03076923076923077, 0.038461538461538464, 0.046153846153846156]
2024-10-26 13:29:51,693 - root - DEBUG - Processing level_price: 2468.2767, order_size: 0.015384615384615385
2024-10-26 13:29:51,693 - root - INFO - Placing order at $2468.28 for 0.015384615384615385 units.
2024-10-26 13:29:51,693 - root - DEBUG - Task appended: <coroutine object GridStrategy.place_limit_order at 0x00000233265DC900>
2024-10-26 13:29:51,693 - root - DEBUG - Processing level_price: 2473.2034, order_size: 0.023076923076923078
2024-10-26 13:29:51,693 - root - INFO - Placing order at $2473.20 for 0.023076923076923078 units.
2024-10-26 13:29:51,693 - root - DEBUG - Task appended: <coroutine object GridStrategy.place_limit_order at 0x00000233265DCE40>
2024-10-26 13:29:51,693 - root - DEBUG - Processing level_price: 2478.1301, order_size: 0.03076923076923077
2024-10-26 13:29:51,693 - root - INFO - Placing order at $2478.13 for 0.03076923076923077 units.
2024-10-26 13:29:51,693 - root - DEBUG - Task appended: <coroutine object GridStrategy.place_limit_order at 0x00000233265DD000>
2024-10-26 13:29:51,693 - root - DEBUG - Processing level_price: 2483.0568, order_size: 0.038461538461538464
2024-10-26 13:29:51,700 - root - INFO - Placing order at $2483.06 for 0.038461538461538464 units.
2024-10-26 13:29:51,700 - root - DEBUG - Task appended: <coroutine object GridStrategy.place_limit_order at 0x00000233265DCAC0>
2024-10-26 13:29:51,700 - root - DEBUG - Processing level_price: 2487.9835, order_size: 0.046153846153846156
2024-10-26 13:29:51,700 - root - INFO - Placing order at $2487.98 for 0.046153846153846156 units.
2024-10-26 13:29:51,700 - root - DEBUG - Task appended: <coroutine object GridStrategy.place_limit_order at 0x00000233265DCC80>
2024-10-26 13:29:51,700 - root - DEBUG - Exiting for loop. Total tasks: 5
2024-10-26 13:29:51,700 - root - INFO - Placing SELL order at $2468.2767 for 0.015384615384615385 units.
2024-10-26 13:29:51,867 - root - INFO - Placing BUY order at $2414.0928000000004 for 0.06869916261966144 units.
2024-10-26 13:29:52,326 - root - INFO - Placing SELL order at $2473.2034 for 0.023076923076923078 units.
2024-10-26 13:29:52,913 - root - DEBUG - Response: {'symbol': 'ETHUSDT', 'orderId': 13466658, 'orderListId': -1, 'clientOrderId': 'CSciwYKearbeUjrTEXAtGA', 'transactTime': 1729942190629, 'price': '2433.80000000', 'origQty': '0.04370000', 'executedQty': '0.00000000', 'cummulativeQuoteQty': '0.00000000', 'status': 'NEW', 'timeInForce': 'GTC', 'type': 'LIMIT', 'side': 'BUY', 'workingTime': 1729942190629, 'fills': [], 'selfTradePreventionMode': 'EXPIRE_MAKER'}
2024-10-26 13:29:52,913 - root - INFO - Update: {'event': 'order_placed', 'order_type': 'buy', 'price': 2433.8, 'order_size': 0.0437}
2024-10-26 13:29:52,913 - root - DEBUG - Response: {'symbol': 'ETHUSDT', 'orderId': 13466662, 'orderListId': -1, 'clientOrderId': 'PuCIgYT2Dh7FFZVoBebPqC', 'transactTime': 1729942191263, 'price': '2428.87000000', 'origQty': '0.05000000', 'executedQty': '0.00000000', 'cummulativeQuoteQty': '0.00000000', 'status': 'NEW', 'timeInForce': 'GTC', 'type': 'LIMIT', 'side': 'BUY', 'workingTime': 1729942191263, 'fills': [], 'selfTradePreventionMode': 'EXPIRE_MAKER'}
2024-10-26 13:29:52,913 - root - INFO - Update: {'event': 'order_placed', 'order_type': 'buy', 'price': 2428.87, 'order_size': 0.05}
2024-10-26 13:29:52,913 - root - DEBUG - Response: {'symbol': 'ETHUSDT', 'orderId': 13466663, 'orderListId': -1, 'clientOrderId': 'alOZod7SAyn2CpaJehA2Qd', 'transactTime': 1729942191622, 'price': '2423.95000000', 'origQty': '0.05620000', 'executedQty': '0.00000000', 'cummulativeQuoteQty': '0.00000000', 'status': 'NEW', 'timeInForce': 'GTC', 'type': 'LIMIT', 'side': 'BUY', 'workingTime': 1729942191622, 'fills': [], 'selfTradePreventionMode': 'EXPIRE_MAKER'}
2024-10-26 13:29:52,913 - root - INFO - Update: {'event': 'order_placed', 'order_type': 'buy', 'price': 2423.95, 'order_size': 0.0562}
2024-10-26 13:29:52,913 - root - DEBUG - Response: {'symbol': 'ETHUSDT', 'orderId': 13466664, 'orderListId': -1, 'clientOrderId': 'vWxqr9gLSTg7NcSkbZIb2V', 'transactTime': 1729942191984, 'price': '2419.02000000', 'origQty': '0.06250000', 'executedQty': '0.00000000', 'cummulativeQuoteQty': '0.00000000', 'status': 'NEW', 'timeInForce': 'GTC', 'type': 'LIMIT', 'side': 'BUY', 'workingTime': 1729942191984, 'fills': [], 'selfTradePreventionMode': 'EXPIRE_MAKER'}
2024-10-26 13:29:52,913 - root - INFO - Update: {'event': 'order_placed', 'order_type': 'buy', 'price': 2419.02, 'order_size': 0.0625}
2024-10-26 13:29:53,062 - root - DEBUG - Response: {'symbol': 'ETHUSDT', 'orderId': 13466670, 'orderListId': -1, 'clientOrderId': 'A5PgorceQkmWspuGPwkDUh', 'transactTime': 1729942193024, 'price': '2414.09000000', 'origQty': '0.06870000', 'executedQty': '0.00000000', 'cummulativeQuoteQty': '0.00000000', 'status': 'NEW', 'timeInForce': 'GTC', 'type': 'LIMIT', 'side': 'BUY', 'workingTime': 1729942193024, 'fills': [], 'selfTradePreventionMode': 'EXPIRE_MAKER'}
2024-10-26 13:29:53,062 - root - INFO - Update: {'event': 'order_placed', 'order_type': 'buy', 'price': 2414.09, 'order_size': 0.0687}
2024-10-26 13:29:53,062 - root - INFO - Placed BUY orders for levels: 2433.80 to 2414.09.
2024-10-26 13:29:53,062 - root - INFO - Successful orders: 10, Failed orders: 0
2024-10-26 13:29:53,062 - root - INFO - Total orders: 10, Remaining orders: 0
2024-10-26 13:29:53,361 - root - INFO - Placing SELL order at $2478.1301 for 0.03076923076923077 units.
2024-10-26 13:29:53,981 - root - INFO - Placing SELL order at $2483.0568 for 0.038461538461538464 units.
2024-10-26 13:29:54,730 - root - INFO - Placing SELL order at $2487.9835 for 0.046153846153846156 units.
2024-10-26 13:29:55,063 - root - DEBUG - Order type: sell
2024-10-26 13:29:55,063 - root - DEBUG - Total orders: 10
2024-10-26 13:29:55,063 - root - DEBUG - Buy order sizes: [0.012490756839938446, 0.018736135259907666, 0.02498151367987689, 0.03122689209984611, 0.03747227051981533, 0.04371764893978456, 0.04996302735975378, 0.056208405779723, 0.06245378419969222, 0.06869916261966144]
2024-10-26 13:29:55,063 - root - DEBUG - Sell order sizes: [0.015384615384615385, 0.023076923076923078, 0.03076923076923077, 0.038461538461538464, 0.046153846153846156, 0.05384615384615385, 0.06153846153846154, 0.06923076923076923, 0.07692307692307693, 0.08461538461538462]
2024-10-26 13:29:55,070 - root - DEBUG - Current order sizes: [0.015384615384615385, 0.023076923076923078, 0.03076923076923077, 0.038461538461538464, 0.046153846153846156, 0.05384615384615385, 0.06153846153846154, 0.06923076923076923, 0.07692307692307693, 0.08461538461538462]
2024-10-26 13:29:55,070 - root - INFO - Attempting to place batch of 5 SELL orders for levels: 2468.29 to 2487.99
2024-10-26 13:29:55,070 - root - DEBUG - Entering for loop with batch_levels: [2468.28672, 2473.21344, 2478.14016, 2483.0668800000003, 2487.9936000000002] and batch_sizes: [0.015384615384615385, 0.023076923076923078, 0.03076923076923077, 0.038461538461538464, 0.046153846153846156]
2024-10-26 13:29:55,070 - root - DEBUG - Processing level_price: 2468.28672, order_size: 0.015384615384615385
2024-10-26 13:29:55,070 - root - INFO - Placing order at $2468.29 for 0.015384615384615385 units.
2024-10-26 13:29:55,070 - root - DEBUG - Task appended: <coroutine object GridStrategy.place_limit_order at 0x000001EE85CA7680>
2024-10-26 13:29:55,078 - root - DEBUG - Processing level_price: 2473.21344, order_size: 0.023076923076923078
2024-10-26 13:29:55,078 - root - INFO - Placing order at $2473.21 for 0.023076923076923078 units.
2024-10-26 13:29:55,078 - root - DEBUG - Task appended: <coroutine object GridStrategy.place_limit_order at 0x000001EE85CA7BC0>
2024-10-26 13:29:55,078 - root - DEBUG - Processing level_price: 2478.14016, order_size: 0.03076923076923077
2024-10-26 13:29:55,078 - root - INFO - Placing order at $2478.14 for 0.03076923076923077 units.
2024-10-26 13:29:55,078 - root - DEBUG - Task appended: <coroutine object GridStrategy.place_limit_order at 0x000001EE85CA7D80>
2024-10-26 13:29:55,078 - root - DEBUG - Processing level_price: 2483.0668800000003, order_size: 0.038461538461538464
2024-10-26 13:29:55,078 - root - INFO - Placing order at $2483.07 for 0.038461538461538464 units.
2024-10-26 13:29:55,086 - root - DEBUG - Task appended: <coroutine object GridStrategy.place_limit_order at 0x000001EE85CA7840>
2024-10-26 13:29:55,086 - root - DEBUG - Processing level_price: 2487.9936000000002, order_size: 0.046153846153846156
2024-10-26 13:29:55,086 - root - INFO - Placing order at $2487.99 for 0.046153846153846156 units.
2024-10-26 13:29:55,086 - root - DEBUG - Task appended: <coroutine object GridStrategy.place_limit_order at 0x000001EE85CA7A00>
2024-10-26 13:29:55,086 - root - DEBUG - Exiting for loop. Total tasks: 5
2024-10-26 13:29:55,086 - root - INFO - Placing SELL order at $2468.28672 for 0.015384615384615385 units.
2024-10-26 13:29:55,110 - root - DEBUG - Response: {'symbol': 'ETHUSDT', 'orderId': 13466669, 'orderListId': -1, 'clientOrderId': 'zDf5y4vsmZFbvsiYQf6DBH', 'transactTime': 1729942192441, 'price': '2468.28000000', 'origQty': '0.01540000', 'executedQty': '0.00000000', 'cummulativeQuoteQty': '0.00000000', 'status': 'NEW', 'timeInForce': 'GTC', 'type': 'LIMIT', 'side': 'SELL', 'workingTime': 1729942192441, 'fills': [], 'selfTradePreventionMode': 'EXPIRE_MAKER'}
2024-10-26 13:29:55,110 - root - INFO - Update: {'event': 'order_placed', 'order_type': 'sell', 'price': 2468.28, 'order_size': 0.0154}
2024-10-26 13:29:55,110 - root - DEBUG - Response: {'symbol': 'ETHUSDT', 'orderId': 13466676, 'orderListId': -1, 'clientOrderId': '1DrdQmPLf8gFtuezRlDk87', 'transactTime': 1729942193473, 'price': '2473.20000000', 'origQty': '0.02310000', 'executedQty': '0.00000000', 'cummulativeQuoteQty': '0.00000000', 'status': 'NEW', 'timeInForce': 'GTC', 'type': 'LIMIT', 'side': 'SELL', 'workingTime': 1729942193473, 'fills': [], 'selfTradePreventionMode': 'EXPIRE_MAKER'}
2024-10-26 13:29:55,110 - root - INFO - Update: {'event': 'order_placed', 'order_type': 'sell', 'price': 2473.2, 'order_size': 0.0231}
2024-10-26 13:29:55,110 - root - DEBUG - Response: {'symbol': 'ETHUSDT', 'orderId': 13466677, 'orderListId': -1, 'clientOrderId': 'tl3imBPvpZhfJB6NU1BVEO', 'transactTime': 1729942194096, 'price': '2478.13000000', 'origQty': '0.03080000', 'executedQty': '0.00000000', 'cummulativeQuoteQty': '0.00000000', 'status': 'NEW', 'timeInForce': 'GTC', 'type': 'LIMIT', 'side': 'SELL', 'workingTime': 1729942194096, 'fills': [], 'selfTradePreventionMode': 'EXPIRE_MAKER'}
2024-10-26 13:29:55,118 - root - INFO - Update: {'event': 'order_placed', 'order_type': 'sell', 'price': 2478.13, 'order_size': 0.0308}
2024-10-26 13:29:55,118 - root - DEBUG - Response: {'symbol': 'ETHUSDT', 'orderId': 13466682, 'orderListId': -1, 'clientOrderId': 'Nnlpdw6QuB3Ff8PUv5rOp0', 'transactTime': 1729942194845, 'price': '2483.06000000', 'origQty': '0.03850000', 'executedQty': '0.00000000', 'cummulativeQuoteQty': '0.00000000', 'status': 'NEW', 'timeInForce': 'GTC', 'type': 'LIMIT', 'side': 'SELL', 'workingTime': 1729942194845, 'fills': [], 'selfTradePreventionMode': 'EXPIRE_MAKER'}
2024-10-26 13:29:55,118 - root - INFO - Update: {'event': 'order_placed', 'order_type': 'sell', 'price': 2483.06, 'order_size': 0.0385}
2024-10-26 13:29:55,264 - root - DEBUG - Response: {'symbol': 'ETHUSDT', 'orderId': 13466686, 'orderListId': -1, 'clientOrderId': 'gERMGZBU5AH4OrIQsx0Jgr', 'transactTime': 1729942195224, 'price': '2487.98000000', 'origQty': '0.04620000', 'executedQty': '0.00000000', 'cummulativeQuoteQty': '0.00000000', 'status': 'NEW', 'timeInForce': 'GTC', 'type': 'LIMIT', 'side': 'SELL', 'workingTime': 1729942195224, 'fills': [], 'selfTradePreventionMode': 'EXPIRE_MAKER'}
2024-10-26 13:29:55,264 - root - INFO - Update: {'event': 'order_placed', 'order_type': 'sell', 'price': 2487.98, 'order_size': 0.0462}
2024-10-26 13:29:55,264 - root - INFO - Placed SELL orders for levels: 2468.28 to 2487.98.
2024-10-26 13:29:55,264 - root - INFO - Successful orders: 5, Failed orders: 0
2024-10-26 13:29:55,264 - root - INFO - Total orders: 10, Remaining orders: 5
2024-10-26 13:29:55,446 - root - INFO - Placing SELL order at $2473.21344 for 0.023076923076923078 units.
2024-10-26 13:29:56,068 - root - INFO - Placing SELL order at $2478.14016 for 0.03076923076923077 units.
2024-10-26 13:29:56,435 - root - INFO - Placing SELL order at $2483.0668800000003 for 0.038461538461538464 units.
2024-10-26 13:29:56,802 - root - INFO - Placing SELL order at $2487.9936000000002 for 0.046153846153846156 units.
2024-10-26 13:29:57,260 - root - INFO - Attempting to place batch of 5 SELL orders for levels: 2492.91 to 2512.62
2024-10-26 13:29:57,260 - root - DEBUG - Entering for loop with batch_levels: [2492.9102, 2497.8369, 2502.7635999999998, 2507.6902999999998, 2512.6169999999997] and batch_sizes: [0.05384615384615385, 0.06153846153846154, 0.06923076923076923, 0.07692307692307693, 0.08461538461538462]
2024-10-26 13:29:57,275 - root - DEBUG - Processing level_price: 2492.9102, order_size: 0.05384615384615385
2024-10-26 13:29:57,275 - root - INFO - Placing order at $2492.91 for 0.05384615384615385 units.
2024-10-26 13:29:57,275 - root - DEBUG - Task appended: <coroutine object GridStrategy.place_limit_order at 0x00000233265DC900>
2024-10-26 13:29:57,283 - root - DEBUG - Processing level_price: 2497.8369, order_size: 0.06153846153846154
2024-10-26 13:29:57,283 - root - INFO - Placing order at $2497.84 for 0.06153846153846154 units.
2024-10-26 13:29:57,283 - root - DEBUG - Task appended: <coroutine object GridStrategy.place_limit_order at 0x00000233265DCC80>
2024-10-26 13:29:57,283 - root - DEBUG - Processing level_price: 2502.7635999999998, order_size: 0.06923076923076923
2024-10-26 13:29:57,283 - root - INFO - Placing order at $2502.76 for 0.06923076923076923 units.
2024-10-26 13:29:57,291 - root - DEBUG - Task appended: <coroutine object GridStrategy.place_limit_order at 0x00000233265DCE40>
2024-10-26 13:29:57,291 - root - DEBUG - Processing level_price: 2507.6902999999998, order_size: 0.07692307692307693
2024-10-26 13:29:57,291 - root - INFO - Placing order at $2507.69 for 0.07692307692307693 units.
2024-10-26 13:29:57,291 - root - DEBUG - Task appended: <coroutine object GridStrategy.place_limit_order at 0x00000233265DD000>
2024-10-26 13:29:57,291 - root - DEBUG - Processing level_price: 2512.6169999999997, order_size: 0.08461538461538462
2024-10-26 13:29:57,291 - root - INFO - Placing order at $2512.62 for 0.08461538461538462 units.
2024-10-26 13:29:57,291 - root - DEBUG - Task appended: <coroutine object GridStrategy.place_limit_order at 0x00000233265DCAC0>
2024-10-26 13:29:57,291 - root - DEBUG - Exiting for loop. Total tasks: 5
2024-10-26 13:29:57,291 - root - INFO - Placing SELL order at $2492.9102 for 0.05384615384615385 units.
2024-10-26 13:29:57,421 - root - DEBUG - Response: {'symbol': 'ETHUSDT', 'orderId': 13466687, 'orderListId': -1, 'clientOrderId': 'mhwU0rBuCnNHr8ZP1v3bxo', 'transactTime': 1729942195566, 'price': '2468.29000000', 'origQty': '0.01540000', 'executedQty': '0.00000000', 'cummulativeQuoteQty': '0.00000000', 'status': 'NEW', 'timeInForce': 'GTC', 'type': 'LIMIT', 'side': 'SELL', 'workingTime': 1729942195566, 'fills': [], 'selfTradePreventionMode': 'EXPIRE_MAKER'}
2024-10-26 13:29:57,427 - root - INFO - Update: {'event': 'order_placed', 'order_type': 'sell', 'price': 2468.29, 'order_size': 0.0154}
2024-10-26 13:29:57,427 - root - DEBUG - Response: {'symbol': 'ETHUSDT', 'orderId': 13466688, 'orderListId': -1, 'clientOrderId': 'ipGVTHBct2Ct8eB1W1rlxv', 'transactTime': 1729942196184, 'price': '2473.21000000', 'origQty': '0.02310000', 'executedQty': '0.00000000', 'cummulativeQuoteQty': '0.00000000', 'status': 'NEW', 'timeInForce': 'GTC', 'type': 'LIMIT', 'side': 'SELL', 'workingTime': 1729942196184, 'fills': [], 'selfTradePreventionMode': 'EXPIRE_MAKER'}
2024-10-26 13:29:57,427 - root - INFO - Update: {'event': 'order_placed', 'order_type': 'sell', 'price': 2473.21, 'order_size': 0.0231}
2024-10-26 13:29:57,427 - root - DEBUG - Response: {'symbol': 'ETHUSDT', 'orderId': 13466694, 'orderListId': -1, 'clientOrderId': 'KjzfWJhnGJntG8R5uOb1qq', 'transactTime': 1729942196548, 'price': '2478.14000000', 'origQty': '0.03080000', 'executedQty': '0.00000000', 'cummulativeQuoteQty': '0.00000000', 'status': 'NEW', 'timeInForce': 'GTC', 'type': 'LIMIT', 'side': 'SELL', 'workingTime': 1729942196548, 'fills': [], 'selfTradePreventionMode': 'EXPIRE_MAKER'}
2024-10-26 13:29:57,427 - root - INFO - Update: {'event': 'order_placed', 'order_type': 'sell', 'price': 2478.14, 'order_size': 0.0308}
2024-10-26 13:29:57,427 - root - DEBUG - Response: {'symbol': 'ETHUSDT', 'orderId': 13466696, 'orderListId': -1, 'clientOrderId': 'I9mI4qhG6AReoMxy3bzcuY', 'transactTime': 1729942197194, 'price': '2483.07000000', 'origQty': '0.03850000', 'executedQty': '0.00000000', 'cummulativeQuoteQty': '0.00000000', 'status': 'NEW', 'timeInForce': 'GTC', 'type': 'LIMIT', 'side': 'SELL', 'workingTime': 1729942197194, 'fills': [], 'selfTradePreventionMode': 'EXPIRE_MAKER'}
2024-10-26 13:29:57,427 - root - INFO - Update: {'event': 'order_placed', 'order_type': 'sell', 'price': 2483.07, 'order_size': 0.0385}
2024-10-26 13:29:57,581 - root - DEBUG - Response: {'symbol': 'ETHUSDT', 'orderId': 13466702, 'orderListId': -1, 'clientOrderId': 'txs60MAqLF3rveIIQCyN5x', 'transactTime': 1729942197540, 'price': '2487.99000000', 'origQty': '0.04620000', 'executedQty': '0.00000000', 'cummulativeQuoteQty': '0.00000000', 'status': 'NEW', 'timeInForce': 'GTC', 'type': 'LIMIT', 'side': 'SELL', 'workingTime': 1729942197540, 'fills': [], 'selfTradePreventionMode': 'EXPIRE_MAKER'}
2024-10-26 13:29:57,581 - root - INFO - Update: {'event': 'order_placed', 'order_type': 'sell', 'price': 2487.99, 'order_size': 0.0462}
2024-10-26 13:29:57,581 - root - INFO - Placed SELL orders for levels: 2468.29 to 2487.99.
2024-10-26 13:29:57,581 - root - INFO - Successful orders: 5, Failed orders: 0
2024-10-26 13:29:57,581 - root - INFO - Total orders: 10, Remaining orders: 5
2024-10-26 13:29:57,654 - root - INFO - Placing SELL order at $2497.8369 for 0.06153846153846154 units.
2024-10-26 13:29:58,695 - root - INFO - Placing SELL order at $2502.7635999999998 for 0.06923076923076923 units.
2024-10-26 13:29:59,595 - root - INFO - Attempting to place batch of 5 SELL orders for levels: 2492.92 to 2512.63
2024-10-26 13:29:59,595 - root - DEBUG - Entering for loop with batch_levels: [2492.92032, 2497.84704, 2502.77376, 2507.70048, 2512.6272] and batch_sizes: [0.05384615384615385, 0.06153846153846154, 0.06923076923076923, 0.07692307692307693, 0.08461538461538462]
2024-10-26 13:29:59,595 - root - DEBUG - Processing level_price: 2492.92032, order_size: 0.05384615384615385
2024-10-26 13:29:59,595 - root - INFO - Placing order at $2492.92 for 0.05384615384615385 units.
2024-10-26 13:29:59,595 - root - DEBUG - Task appended: <coroutine object GridStrategy.place_limit_order at 0x000001EE85CA7680>
2024-10-26 13:29:59,595 - root - DEBUG - Processing level_price: 2497.84704, order_size: 0.06153846153846154
2024-10-26 13:29:59,595 - root - INFO - Placing order at $2497.85 for 0.06153846153846154 units.
2024-10-26 13:29:59,595 - root - DEBUG - Task appended: <coroutine object GridStrategy.place_limit_order at 0x000001EE85CA7A00>
2024-10-26 13:29:59,595 - root - DEBUG - Processing level_price: 2502.77376, order_size: 0.06923076923076923
2024-10-26 13:29:59,595 - root - INFO - Placing order at $2502.77 for 0.06923076923076923 units.
2024-10-26 13:29:59,595 - root - DEBUG - Task appended: <coroutine object GridStrategy.place_limit_order at 0x000001EE85CA7BC0>
2024-10-26 13:29:59,595 - root - DEBUG - Processing level_price: 2507.70048, order_size: 0.07692307692307693
2024-10-26 13:29:59,595 - root - INFO - Placing order at $2507.70 for 0.07692307692307693 units.
2024-10-26 13:29:59,595 - root - DEBUG - Task appended: <coroutine object GridStrategy.place_limit_order at 0x000001EE85CA7D80>
2024-10-26 13:29:59,595 - root - DEBUG - Processing level_price: 2512.6272, order_size: 0.08461538461538462
2024-10-26 13:29:59,595 - root - INFO - Placing order at $2512.63 for 0.08461538461538462 units.
2024-10-26 13:29:59,595 - root - DEBUG - Task appended: <coroutine object GridStrategy.place_limit_order at 0x000001EE85CA7840>
2024-10-26 13:29:59,595 - root - DEBUG - Exiting for loop. Total tasks: 5
2024-10-26 13:29:59,595 - root - INFO - Placing SELL order at $2492.92032 for 0.05384615384615385 units.
2024-10-26 13:29:59,715 - root - INFO - Placing SELL order at $2507.6902999999998 for 0.07692307692307693 units.
2024-10-26 13:30:00,072 - root - INFO - Placing SELL order at $2512.6169999999997 for 0.08461538461538462 units.
2024-10-26 13:30:00,365 - root - INFO - Placing SELL order at $2497.84704 for 0.06153846153846154 units.
2024-10-26 13:30:00,421 - root - DEBUG - Response: {'symbol': 'ETHUSDT', 'orderId': 13466703, 'orderListId': -1, 'clientOrderId': '8Y1emlRkJ1VlsrojVvXPBe', 'transactTime': 1729942197775, 'price': '2492.91000000', 'origQty': '0.05380000', 'executedQty': '0.00000000', 'cummulativeQuoteQty': '0.00000000', 'status': 'NEW', 'timeInForce': 'GTC', 'type': 'LIMIT', 'side': 'SELL', 'workingTime': 1729942197775, 'fills': [], 'selfTradePreventionMode': 'EXPIRE_MAKER'}
2024-10-26 13:30:00,421 - root - INFO - Update: {'event': 'order_placed', 'order_type': 'sell', 'price': 2492.91, 'order_size': 0.0538}
2024-10-26 13:30:00,429 - root - DEBUG - Response: {'symbol': 'ETHUSDT', 'orderId': 13466708, 'orderListId': -1, 'clientOrderId': 'UodF0aDFxIfbKZv8AC0l17', 'transactTime': 1729942198810, 'price': '2497.84000000', 'origQty': '0.06150000', 'executedQty': '0.00000000', 'cummulativeQuoteQty': '0.00000000', 'status': 'NEW', 'timeInForce': 'GTC', 'type': 'LIMIT', 'side': 'SELL', 'workingTime': 1729942198810, 'fills': [], 'selfTradePreventionMode': 'EXPIRE_MAKER'}
2024-10-26 13:30:00,429 - root - INFO - Update: {'event': 'order_placed', 'order_type': 'sell', 'price': 2497.84, 'order_size': 0.0615}
2024-10-26 13:30:00,429 - root - DEBUG - Response: {'symbol': 'ETHUSDT', 'orderId': 13466717, 'orderListId': -1, 'clientOrderId': 'etfhMNJ2QsTU9YSb9TSZZH', 'transactTime': 1729942199833, 'price': '2502.76000000', 'origQty': '0.06920000', 'executedQty': '0.00000000', 'cummulativeQuoteQty': '0.00000000', 'status': 'NEW', 'timeInForce': 'GTC', 'type': 'LIMIT', 'side': 'SELL', 'workingTime': 1729942199833, 'fills': [], 'selfTradePreventionMode': 'EXPIRE_MAKER'}
2024-10-26 13:30:00,429 - root - INFO - Update: {'event': 'order_placed', 'order_type': 'sell', 'price': 2502.76, 'order_size': 0.0692}
2024-10-26 13:30:00,429 - root - DEBUG - Response: {'symbol': 'ETHUSDT', 'orderId': 13466740, 'orderListId': -1, 'clientOrderId': 'zCz5bHxCl3DiaeNTiBuK7l', 'transactTime': 1729942200190, 'price': '2507.69000000', 'origQty': '0.07690000', 'executedQty': '0.00000000', 'cummulativeQuoteQty': '0.00000000', 'status': 'NEW', 'timeInForce': 'GTC', 'type': 'LIMIT', 'side': 'SELL', 'workingTime': 1729942200190, 'fills': [], 'selfTradePreventionMode': 'EXPIRE_MAKER'}
2024-10-26 13:30:00,429 - root - INFO - Update: {'event': 'order_placed', 'order_type': 'sell', 'price': 2507.69, 'order_size': 0.0769}
2024-10-26 13:30:00,577 - root - DEBUG - Response: {'symbol': 'ETHUSDT', 'orderId': 13466753, 'orderListId': -1, 'clientOrderId': '98Yg8uNdCL526PmMrRtNc5', 'transactTime': 1729942200543, 'price': '2512.62000000', 'origQty': '0.08460000', 'executedQty': '0.00000000', 'cummulativeQuoteQty': '0.00000000', 'status': 'NEW', 'timeInForce': 'GTC', 'type': 'LIMIT', 'side': 'SELL', 'workingTime': 1729942200543, 'fills': [], 'selfTradePreventionMode': 'EXPIRE_MAKER'}
2024-10-26 13:30:00,585 - root - INFO - Update: {'event': 'order_placed', 'order_type': 'sell', 'price': 2512.62, 'order_size': 0.0846}
2024-10-26 13:30:00,585 - root - INFO - Placed SELL orders for levels: 2492.91 to 2512.62.
2024-10-26 13:30:00,585 - root - INFO - Successful orders: 10, Failed orders: 0
2024-10-26 13:30:00,585 - root - INFO - Total orders: 10, Remaining orders: 0
2024-10-26 13:30:01,012 - root - INFO - Placing SELL order at $2502.77376 for 0.06923076923076923 units.
2024-10-26 13:30:01,383 - root - INFO - Placing SELL order at $2507.70048 for 0.07692307692307693 units.
2024-10-26 13:30:01,752 - root - INFO - Placing SELL order at $2512.6272 for 0.08461538461538462 units.
2024-10-26 13:30:02,322 - root - ERROR - Insufficient ETH balance. Required: 0.08461538461538462, Available: 0.0846
2024-10-26 13:30:02,322 - root - ERROR - Insufficient balance to place SELL order at $2512.6272 for 0.08461538461538462 units.
2024-10-26 13:30:02,330 - root - DEBUG - Response: {'symbol': 'ETHUSDT', 'orderId': 13466752, 'orderListId': -1, 'clientOrderId': 'najJeImw4dSJj9DsImMstp', 'transactTime': 1729942200479, 'price': '2492.92000000', 'origQty': '0.05380000', 'executedQty': '0.00000000', 'cummulativeQuoteQty': '0.00000000', 'status': 'NEW', 'timeInForce': 'GTC', 'type': 'LIMIT', 'side': 'SELL', 'workingTime': 1729942200479, 'fills': [], 'selfTradePreventionMode': 'EXPIRE_MAKER'}
2024-10-26 13:30:02,330 - root - INFO - Update: {'event': 'order_placed', 'order_type': 'sell', 'price': 2492.92, 'order_size': 0.0538}
2024-10-26 13:30:02,330 - root - DEBUG - Response: {'symbol': 'ETHUSDT', 'orderId': 13466777, 'orderListId': -1, 'clientOrderId': 'Hj1cykTKzAhW48MU2qf53k', 'transactTime': 1729942201129, 'price': '2497.85000000', 'origQty': '0.06150000', 'executedQty': '0.00000000', 'cummulativeQuoteQty': '0.00000000', 'status': 'NEW', 'timeInForce': 'GTC', 'type': 'LIMIT', 'side': 'SELL', 'workingTime': 1729942201129, 'fills': [], 'selfTradePreventionMode': 'EXPIRE_MAKER'}
2024-10-26 13:30:02,330 - root - INFO - Update: {'event': 'order_placed', 'order_type': 'sell', 'price': 2497.85, 'order_size': 0.0615}
2024-10-26 13:30:02,330 - root - DEBUG - Response: {'symbol': 'ETHUSDT', 'orderId': 13466786, 'orderListId': -1, 'clientOrderId': 'qXlQOh67yOMTd2KJOw2NRG', 'transactTime': 1729942201504, 'price': '2502.77000000', 'origQty': '0.06920000', 'executedQty': '0.00000000', 'cummulativeQuoteQty': '0.00000000', 'status': 'NEW', 'timeInForce': 'GTC', 'type': 'LIMIT', 'side': 'SELL', 'workingTime': 1729942201504, 'fills': [], 'selfTradePreventionMode': 'EXPIRE_MAKER'}
2024-10-26 13:30:02,330 - root - INFO - Update: {'event': 'order_placed', 'order_type': 'sell', 'price': 2502.77, 'order_size': 0.0692}
2024-10-26 13:30:02,330 - root - DEBUG - Response: {'symbol': 'ETHUSDT', 'orderId': 13466787, 'orderListId': -1, 'clientOrderId': 'UF9Qz7VydFrofYwUJlR4my', 'transactTime': 1729942201874, 'price': '2507.70000000', 'origQty': '0.07690000', 'executedQty': '0.00000000', 'cummulativeQuoteQty': '0.00000000', 'status': 'NEW', 'timeInForce': 'GTC', 'type': 'LIMIT', 'side': 'SELL', 'workingTime': 1729942201874, 'fills': [], 'selfTradePreventionMode': 'EXPIRE_MAKER'}
2024-10-26 13:30:02,330 - root - INFO - Update: {'event': 'order_placed', 'order_type': 'sell', 'price': 2507.7, 'order_size': 0.0769}
2024-10-26 13:30:02,330 - root - INFO - Placed SELL orders for levels: 2492.92 to 2512.63.
2024-10-26 13:30:02,330 - root - INFO - Successful orders: 10, Failed orders: 0
2024-10-26 13:30:02,330 - root - INFO - Total orders: 10, Remaining orders: 0
2024-10-26 13:30:02,596 - root - INFO - All batch orders have been placed successfully.
2024-10-26 13:30:02,596 - root - INFO - Current price: $2463.43. Deviation: 0.00%.
2024-10-26 13:30:02,596 - root - INFO - Checking 10 buy orders at prices: [2458.42, 2448.57, 2453.5, 2438.72, 2443.64, 2433.79, 2428.86, 2423.94, 2419.01, 2414.08]
2024-10-26 13:30:02,596 - root - INFO - Checking 10 sell orders at prices: [2468.28, 2473.2, 2478.13, 2483.06, 2487.98, 2492.91, 2497.84, 2502.76, 2507.69, 2512.62]
2024-10-26 13:30:02,596 - root - INFO - Summary: 10 buy orders and 10 sell orders checked.
2024-10-26 13:30:03,601 - root - INFO - Waiting for current price to update...
2024-10-26 13:30:03,601 - root - INFO - Current price: $2463.43. Deviation: 0.00%.
2024-10-26 13:30:03,601 - root - INFO - Checking 10 buy orders at prices: [2458.42, 2448.57, 2453.5, 2438.72, 2443.64, 2433.79, 2428.86, 2423.94, 2419.01, 2414.08]
2024-10-26 13:30:03,601 - root - INFO - Checking 10 sell orders at prices: [2468.28, 2473.2, 2478.13, 2483.06, 2487.98, 2492.91, 2497.84, 2502.76, 2507.69, 2512.62]
2024-10-26 13:30:03,601 - root - INFO - Summary: 10 buy orders and 10 sell orders checked.
2024-10-26 13:30:04,342 - root - INFO - All batch orders have been placed successfully.
2024-10-26 13:30:04,342 - root - INFO - Current price: $2463.43. Deviation: 0.00%.
2024-10-26 13:30:04,342 - root - INFO - Checking 10 buy orders at prices: [2458.43, 2448.58, 2443.65, 2453.51, 2438.73, 2433.8, 2428.87, 2423.95, 2419.02, 2414.09]
2024-10-26 13:30:04,342 - root - INFO - Checking 9 sell orders at prices: [2468.29, 2473.21, 2478.14, 2483.07, 2487.99, 2492.92, 2497.85, 2502.77, 2507.7]
2024-10-26 13:30:04,342 - root - INFO - Summary: 10 buy orders and 9 sell orders checked.
2024-10-26 13:30:04,609 - root - INFO - Waiting for current price to update...
2024-10-26 13:30:05,346 - root - INFO - Waiting for current price to update...
2024-10-26 13:30:05,346 - root - INFO - Current price: $2463.43. Deviation: 0.00%.
2024-10-26 13:30:05,346 - root - INFO - Checking 10 buy orders at prices: [2458.43, 2448.58, 2443.65, 2453.51, 2438.73, 2433.8, 2428.87, 2423.95, 2419.02, 2414.09]
2024-10-26 13:30:05,346 - root - INFO - Checking 9 sell orders at prices: [2468.29, 2473.21, 2478.14, 2483.07, 2487.99, 2492.92, 2497.85, 2502.77, 2507.7]
2024-10-26 13:30:05,346 - root - INFO - Summary: 10 buy orders and 9 sell orders checked.
2024-10-26 13:30:05,617 - root - INFO - Waiting for current price to update...
2024-10-26 13:30:06,340 - root - INFO - Waiting for current price to update...
2024-10-26 13:30:06,622 - root - INFO - Waiting for current price to update...
2024-10-26 13:30:07,342 - root - INFO - Waiting for current price to update...
2024-10-26 13:30:07,623 - root - INFO - Waiting for current price to update...
2024-10-26 13:30:07,623 - root - INFO - Current price: $2463.42. Deviation: 0.00%.
2024-10-26 13:30:07,623 - root - INFO - Checking 10 buy orders at prices: [2458.42, 2448.57, 2453.5, 2438.72, 2443.64, 2433.79, 2428.86, 2423.94, 2419.01, 2414.08]
2024-10-26 13:30:07,623 - root - INFO - Checking 10 sell orders at prices: [2468.28, 2473.2, 2478.13, 2483.06, 2487.98, 2492.91, 2497.84, 2502.76, 2507.69, 2512.62]
2024-10-26 13:30:07,623 - root - INFO - Summary: 10 buy orders and 10 sell orders checked.
2024-10-26 13:30:08,350 - root - INFO - Waiting for current price to update...
2024-10-26 13:30:08,350 - root - INFO - Current price: $2463.42. Deviation: 0.00%.
2024-10-26 13:30:08,350 - root - INFO - Checking 10 buy orders at prices: [2458.43, 2448.58, 2443.65, 2453.51, 2438.73, 2433.8, 2428.87, 2423.95, 2419.02, 2414.09]
2024-10-26 13:30:08,350 - root - INFO - Checking 9 sell orders at prices: [2468.29, 2473.21, 2478.14, 2483.07, 2487.99, 2492.92, 2497.85, 2502.77, 2507.7]
2024-10-26 13:30:08,350 - root - INFO - Summary: 10 buy orders and 9 sell orders checked.
2024-10-26 13:30:08,618 - root - INFO - Waiting for current price to update...
2024-10-26 13:30:09,366 - root - INFO - Waiting for current price to update...
2024-10-26 13:30:09,631 - root - INFO - Waiting for current price to update...
2024-10-26 13:30:09,631 - root - INFO - Current price: $2463.43. Deviation: 0.00%.
2024-10-26 13:30:09,631 - root - INFO - Checking 10 buy orders at prices: [2458.42, 2448.57, 2453.5, 2438.72, 2443.64, 2433.79, 2428.86, 2423.94, 2419.01, 2414.08]
2024-10-26 13:30:09,631 - root - INFO - Checking 10 sell orders at prices: [2468.28, 2473.2, 2478.13, 2483.06, 2487.98, 2492.91, 2497.84, 2502.76, 2507.69, 2512.62]
2024-10-26 13:30:09,631 - root - INFO - Summary: 10 buy orders and 10 sell orders checked.
2024-10-26 13:30:10,372 - root - INFO - Waiting for current price to update...
2024-10-26 13:30:10,372 - root - INFO - Current price: $2463.43. Deviation: 0.00%.
2024-10-26 13:30:10,372 - root - INFO - Checking 10 buy orders at prices: [2458.43, 2448.58, 2443.65, 2453.51, 2438.73, 2433.8, 2428.87, 2423.95, 2419.02, 2414.09]
2024-10-26 13:30:10,372 - root - INFO - Checking 9 sell orders at prices: [2468.29, 2473.21, 2478.14, 2483.07, 2487.99, 2492.92, 2497.85, 2502.77, 2507.7]
2024-10-26 13:30:10,372 - root - INFO - Summary: 10 buy orders and 9 sell orders checked.
2024-10-26 13:30:10,646 - root - INFO - Waiting for current price to update...
2024-10-26 13:30:11,375 - root - INFO - Waiting for current price to update...
2024-10-26 13:30:11,656 - root - INFO - Waiting for current price to update...
2024-10-26 13:30:12,376 - root - INFO - Waiting for current price to update...
2024-10-26 13:30:12,665 - root - INFO - Waiting for current price to update...
